2026-02-02 21:30:03,103 - __main__ - INFO - ============================================================
2026-02-02 21:30:03,103 - __main__ - INFO - INITIALIZING TRADING ENGINE
2026-02-02 21:30:03,103 - __main__ - INFO - Mode: PAPER
2026-02-02 21:30:03,103 - __main__ - INFO - Trading Enabled: True
2026-02-02 21:30:03,103 - __main__ - INFO - ============================================================
2026-02-02 21:30:03,104 - __main__ - INFO - New trading day - starting with fresh exits list
2026-02-02 21:30:03,104 - automated_trading.alpaca_client - INFO - Connected to Alpaca paper trading API
2026-02-02 21:30:03,262 - automated_trading.alpaca_client - INFO - Account verified: $94,576.28 portfolio value
2026-02-02 21:30:03,262 - __main__ - INFO - Connected to Alpaca (paper mode)
2026-02-02 21:30:03,263 - __main__ - INFO - Account verified:
2026-02-02 21:30:03,263 - __main__ - INFO -   Portfolio Value: $94,576.28
2026-02-02 21:30:03,263 - __main__ - INFO -   Cash: $28,128.16
2026-02-02 21:30:03,263 - __main__ - INFO -   Buying Power: $122,704.44
2026-02-02 21:30:03,295 - automated_trading.utils - INFO - Trading calendar updated: 41 trading days cached
2026-02-02 21:30:03,296 - automated_trading.order_manager - INFO - Loaded 0 pending orders
2026-02-02 21:30:03,296 - automated_trading.signal_queue - INFO - Loaded 0 queued signals
2026-02-02 21:30:03,297 - automated_trading.position_monitor - INFO - Loaded 10 positions
2026-02-02 21:30:03,297 - automated_trading.position_monitor - INFO - Loaded signal history for 11 tickers
2026-02-02 21:30:03,330 - automated_trading.execution_metrics - INFO - Loaded 4 execution records
2026-02-02 21:30:03,331 - __main__ - INFO - All components initialized successfully
2026-02-02 21:30:03,331 - __main__ - INFO - 
============================================================
2026-02-02 21:30:03,331 - __main__ - INFO - END OF DAY SUMMARY
2026-02-02 21:30:03,331 - __main__ - INFO - ============================================================
2026-02-02 21:30:03,436 - __main__ - INFO - Sending EOD summary with 0 exits
2026-02-02 21:30:04,386 - automated_trading.alerts - INFO - ✅ Alert sent successfully: 🧪 Daily Summary: $+23.83 | February 02, 2026
2026-02-02 21:30:04,426 - __main__ - INFO - Cleared exits_today after EOD summary
2026-02-02 21:30:04,427 - __main__ - INFO - Portfolio Value: $94,576.28
2026-02-02 21:30:04,427 - __main__ - INFO - Daily P&L: $+23.83
2026-02-02 21:30:04,427 - __main__ - INFO - Trades Today: 4
2026-02-02 21:30:04,427 - __main__ - INFO - Open Positions: 10
2026-02-02 21:30:04,427 - __main__ - INFO - ============================================================
{
  "date": "2026-02-02",
  "portfolio_value": 94576.28,
  "daily_pnl": 23.830000000001746,
  "trades_executed": 4,
  "open_positions": 10,
  "exits_reported": 0,
  "circuit_breaker": {
    "is_halted": false,
    "halt_reason": null,
    "daily_pnl": 0.0,
    "consecutive_losses": 0,
    "trades_today": 0,
    "total_trades_today": 4,
    "trades_remaining": 11
  }
}
