2026-01-30 23:01:54,105 - __main__ - INFO - ============================================================
2026-01-30 23:01:54,105 - __main__ - INFO - INITIALIZING TRADING ENGINE
2026-01-30 23:01:54,105 - __main__ - INFO - Mode: PAPER
2026-01-30 23:01:54,105 - __main__ - INFO - Trading Enabled: True
2026-01-30 23:01:54,105 - __main__ - INFO - ============================================================
2026-01-30 23:01:54,106 - __main__ - INFO - Loaded 0 exits from today
2026-01-30 23:01:54,106 - automated_trading.alpaca_client - INFO - Connected to Alpaca paper trading API
2026-01-30 23:01:54,250 - automated_trading.alpaca_client - INFO - Account verified: $94,683.22 portfolio value
2026-01-30 23:01:54,250 - __main__ - INFO - Connected to Alpaca (paper mode)
2026-01-30 23:01:54,250 - __main__ - INFO - Account verified:
2026-01-30 23:01:54,250 - __main__ - INFO -   Portfolio Value: $94,683.22
2026-01-30 23:01:54,250 - __main__ - INFO -   Cash: $49,631.46
2026-01-30 23:01:54,250 - __main__ - INFO -   Buying Power: $144,314.68
2026-01-30 23:01:54,284 - automated_trading.utils - INFO - Trading calendar updated: 39 trading days cached
2026-01-30 23:01:54,285 - automated_trading.order_manager - INFO - Loaded 0 pending orders
2026-01-30 23:01:54,285 - automated_trading.signal_queue - INFO - Loaded 0 queued signals
2026-01-30 23:01:54,285 - automated_trading.position_monitor - INFO - New trading day - circuit breakers reset
2026-01-30 23:01:54,286 - automated_trading.position_monitor - INFO - Loaded 6 positions
2026-01-30 23:01:54,286 - automated_trading.position_monitor - INFO - Loaded signal history for 7 tickers
2026-01-30 23:01:54,318 - automated_trading.execution_metrics - INFO - Loaded 0 execution records
2026-01-30 23:01:54,318 - __main__ - INFO - All components initialized successfully
2026-01-30 23:01:54,318 - __main__ - INFO - 
============================================================
2026-01-30 23:01:54,318 - __main__ - INFO - END OF DAY SUMMARY
2026-01-30 23:01:54,318 - __main__ - INFO - ============================================================
2026-01-30 23:01:54,419 - __main__ - INFO - Sending EOD summary with 0 exits
2026-01-30 23:01:55,264 - automated_trading.alerts - INFO - ✅ Alert sent successfully: 🧪 Daily Summary: $+72.44 | January 30, 2026
2026-01-30 23:01:55,265 - __main__ - INFO - Cleared exits_today after EOD summary
2026-01-30 23:01:55,265 - __main__ - INFO - Portfolio Value: $94,683.22
2026-01-30 23:01:55,265 - __main__ - INFO - Daily P&L: $+72.44
2026-01-30 23:01:55,265 - __main__ - INFO - Trades Today: 1
2026-01-30 23:01:55,265 - __main__ - INFO - Open Positions: 6
2026-01-30 23:01:55,265 - __main__ - INFO - ============================================================
{
  "date": "2026-01-30",
  "portfolio_value": 94683.22,
  "daily_pnl": 72.44000000000233,
  "trades_executed": 1,
  "open_positions": 6,
  "exits_reported": 0,
  "circuit_breaker": {
    "is_halted": false,
    "halt_reason": null,
    "daily_pnl": 0.0,
    "consecutive_losses": 0,
    "trades_today": 0,
    "total_trades_today": 0,
    "trades_remaining": 15
  }
}
