2026-02-03 21:30:02,951 - __main__ - INFO - ============================================================
2026-02-03 21:30:02,951 - __main__ - INFO - INITIALIZING TRADING ENGINE
2026-02-03 21:30:02,951 - __main__ - INFO - Mode: PAPER
2026-02-03 21:30:02,951 - __main__ - INFO - Trading Enabled: True
2026-02-03 21:30:02,951 - __main__ - INFO - ============================================================
2026-02-03 21:30:02,952 - __main__ - INFO - Loaded 2 exits from today
2026-02-03 21:30:02,952 - automated_trading.alpaca_client - INFO - Connected to Alpaca paper trading API
2026-02-03 21:30:03,088 - automated_trading.alpaca_client - INFO - Account verified: $94,845.16 portfolio value
2026-02-03 21:30:03,088 - __main__ - INFO - Connected to Alpaca (paper mode)
2026-02-03 21:30:03,088 - __main__ - INFO - Account verified:
2026-02-03 21:30:03,088 - __main__ - INFO -   Portfolio Value: $94,845.16
2026-02-03 21:30:03,088 - __main__ - INFO -   Cash: $38,074.44
2026-02-03 21:30:03,088 - __main__ - INFO -   Buying Power: $132,919.60
2026-02-03 21:30:03,124 - automated_trading.utils - INFO - Trading calendar updated: 41 trading days cached
2026-02-03 21:30:03,124 - automated_trading.order_manager - INFO - Loaded 0 pending orders
2026-02-03 21:30:03,125 - automated_trading.signal_queue - INFO - Loaded 1 queued signals
2026-02-03 21:30:03,125 - automated_trading.position_monitor - INFO - Loaded 8 positions
2026-02-03 21:30:03,126 - automated_trading.position_monitor - INFO - Loaded signal history for 11 tickers
2026-02-03 21:30:03,157 - automated_trading.execution_metrics - INFO - Loaded 4 execution records
2026-02-03 21:30:03,157 - __main__ - INFO - All components initialized successfully
2026-02-03 21:30:03,157 - __main__ - INFO - 
============================================================
2026-02-03 21:30:03,157 - __main__ - INFO - END OF DAY SUMMARY
2026-02-03 21:30:03,157 - __main__ - INFO - ============================================================
2026-02-03 21:30:03,258 - __main__ - ERROR - Engine error: 'queued_at'
