2026-02-05 21:30:02,276 - __main__ - INFO - ============================================================
2026-02-05 21:30:02,276 - __main__ - INFO - INITIALIZING TRADING ENGINE
2026-02-05 21:30:02,276 - __main__ - INFO - Mode: PAPER
2026-02-05 21:30:02,276 - __main__ - INFO - Trading Enabled: True
2026-02-05 21:30:02,276 - __main__ - INFO - ============================================================
2026-02-05 21:30:02,277 - __main__ - INFO - Loaded 4 exits from today
2026-02-05 21:30:02,277 - automated_trading.alpaca_client - INFO - Connected to Alpaca paper trading API
2026-02-05 21:30:02,434 - automated_trading.alpaca_client - INFO - Account verified: $94,018.08 portfolio value
2026-02-05 21:30:02,434 - __main__ - INFO - Connected to Alpaca (paper mode)
2026-02-05 21:30:02,434 - __main__ - INFO - Account verified:
2026-02-05 21:30:02,434 - __main__ - INFO -   Portfolio Value: $94,018.08
2026-02-05 21:30:02,434 - __main__ - INFO -   Cash: $69,280.87
2026-02-05 21:30:02,434 - __main__ - INFO -   Buying Power: $163,298.95
2026-02-05 21:30:02,468 - automated_trading.utils - INFO - Trading calendar updated: 41 trading days cached
2026-02-05 21:30:02,469 - automated_trading.order_manager - INFO - Loaded 0 pending orders
2026-02-05 21:30:02,469 - automated_trading.signal_queue - INFO - Loaded 1 queued signals
2026-02-05 21:30:02,469 - automated_trading.position_monitor - INFO - Loaded 4 positions
2026-02-05 21:30:02,470 - automated_trading.position_monitor - INFO - Loaded signal history for 12 tickers
2026-02-05 21:30:02,502 - automated_trading.execution_metrics - INFO - Loaded 5 execution records
2026-02-05 21:30:02,502 - __main__ - INFO - All components initialized successfully
2026-02-05 21:30:02,502 - __main__ - INFO - 
============================================================
2026-02-05 21:30:02,502 - __main__ - INFO - END OF DAY SUMMARY
2026-02-05 21:30:02,502 - __main__ - INFO - ============================================================
2026-02-05 21:30:02,632 - __main__ - INFO - Sending EOD summary with 4 exits
2026-02-05 21:30:03,466 - automated_trading.alerts - INFO - ✅ Alert sent successfully: 🧪 Daily Summary: $-1,717.83 | February 05, 2026
2026-02-05 21:30:03,468 - __main__ - INFO - Cleared exits_today after EOD summary
2026-02-05 21:30:03,468 - __main__ - INFO - Portfolio Value: $94,018.08
2026-02-05 21:30:03,469 - __main__ - INFO - Daily P&L: $-1,717.83
2026-02-05 21:30:03,469 - __main__ - INFO - Trades Today: 4
2026-02-05 21:30:03,469 - __main__ - INFO - Open Positions: 4
2026-02-05 21:30:03,469 - __main__ - INFO - ============================================================
{
  "date": "2026-02-05",
  "portfolio_value": 94018.08,
  "daily_pnl": -1717.8300000000017,
  "trades_executed": 4,
  "open_positions": 4,
  "exits_reported": 4,
  "circuit_breaker": {
    "is_halted": false,
    "halt_reason": null,
    "daily_pnl": -144.75392400000035,
    "consecutive_losses": 0,
    "trades_today": 4,
    "total_trades_today": 4,
    "trades_remaining": 11
  }
}
