2026-02-09 21:30:03,163 - __main__ - INFO - ============================================================
2026-02-09 21:30:03,164 - __main__ - INFO - INITIALIZING TRADING ENGINE
2026-02-09 21:30:03,164 - __main__ - INFO - Mode: PAPER
2026-02-09 21:30:03,164 - __main__ - INFO - Trading Enabled: True
2026-02-09 21:30:03,164 - __main__ - INFO - ============================================================
2026-02-09 21:30:03,165 - __main__ - INFO - Loaded 2 exits from today
2026-02-09 21:30:03,165 - automated_trading.alpaca_client - INFO - Connected to Alpaca paper trading API
2026-02-09 21:30:03,302 - automated_trading.alpaca_client - INFO - Account verified: $95,400.01 portfolio value
2026-02-09 21:30:03,302 - __main__ - INFO - Connected to Alpaca (paper mode)
2026-02-09 21:30:03,302 - __main__ - INFO - Account verified:
2026-02-09 21:30:03,302 - __main__ - INFO -   Portfolio Value: $95,400.01
2026-02-09 21:30:03,302 - __main__ - INFO -   Cash: $32,576.92
2026-02-09 21:30:03,302 - __main__ - INFO -   Buying Power: $127,976.93
2026-02-09 21:30:03,339 - automated_trading.utils - INFO - Trading calendar updated: 41 trading days cached
2026-02-09 21:30:03,340 - automated_trading.order_manager - INFO - Loaded 4 pending orders
2026-02-09 21:30:03,341 - automated_trading.signal_queue - INFO - Loaded 0 queued signals
2026-02-09 21:30:03,341 - automated_trading.position_monitor - INFO - Loaded 9 positions
2026-02-09 21:30:03,342 - automated_trading.position_monitor - INFO - Loaded signal history for 20 tickers
2026-02-09 21:30:03,374 - automated_trading.execution_metrics - INFO - Loaded 13 execution records
2026-02-09 21:30:03,375 - __main__ - INFO - All components initialized successfully
2026-02-09 21:30:03,375 - __main__ - INFO - 
============================================================
2026-02-09 21:30:03,375 - __main__ - INFO - END OF DAY SUMMARY
2026-02-09 21:30:03,375 - __main__ - INFO - ============================================================
2026-02-09 21:30:03,476 - __main__ - INFO - Generating AI insights...
2026-02-09 21:30:04,187 - __main__ - INFO - ✅ AI insights generated
2026-02-09 21:30:04,187 - __main__ - INFO - Sending EOD summary with 2 exits
2026-02-09 21:30:05,058 - automated_trading.alerts - INFO - ✅ Alert sent successfully: 🧪 Daily Summary: $+533.33 | February 09, 2026
2026-02-09 21:30:05,059 - __main__ - INFO - Cleared exits_today after EOD summary
2026-02-09 21:30:05,059 - __main__ - INFO - Portfolio Value: $95,400.01
2026-02-09 21:30:05,059 - __main__ - INFO - Daily P&L: $+533.33
2026-02-09 21:30:05,059 - __main__ - INFO - Trades Today: 9
2026-02-09 21:30:05,060 - __main__ - INFO - Open Positions: 9
2026-02-09 21:30:05,060 - __main__ - INFO - ============================================================
  [DEBUG] Scanned 262 audit log lines, found 8 rejections for 2026-02-09
  [DEBUG] Loading exits from audit log (LIVE trades)
  [DEBUG] Found 4 exits in audit log for 2026-02-09
{
  "date": "2026-02-09",
  "portfolio_value": 95400.01,
  "daily_pnl": 533.3300000000017,
  "trades_executed": 9,
  "open_positions": 9,
  "exits_reported": 2,
  "circuit_breaker": {
    "is_halted": false,
    "halt_reason": null,
    "daily_pnl": 814.2450000000014,
    "consecutive_losses": 0,
    "trades_today": 2,
    "total_trades_today": 13,
    "trades_remaining": 2
  }
}
