2026-02-04 21:30:03,424 - __main__ - INFO - ============================================================
2026-02-04 21:30:03,474 - __main__ - INFO - INITIALIZING TRADING ENGINE
2026-02-04 21:30:03,475 - __main__ - INFO - Mode: PAPER
2026-02-04 21:30:03,475 - __main__ - INFO - Trading Enabled: True
2026-02-04 21:30:03,475 - __main__ - INFO - ============================================================
2026-02-04 21:30:03,475 - __main__ - INFO - Loaded 1 exits from today
2026-02-04 21:30:03,476 - automated_trading.alpaca_client - INFO - Connected to Alpaca paper trading API
2026-02-04 21:30:03,636 - automated_trading.alpaca_client - INFO - Account verified: $95,798.35 portfolio value
2026-02-04 21:30:03,636 - __main__ - INFO - Connected to Alpaca (paper mode)
2026-02-04 21:30:03,636 - __main__ - INFO - Account verified:
2026-02-04 21:30:03,636 - __main__ - INFO -   Portfolio Value: $95,798.35
2026-02-04 21:30:03,636 - __main__ - INFO -   Cash: $36,186.50
2026-02-04 21:30:03,636 - __main__ - INFO -   Buying Power: $131,984.85
2026-02-04 21:30:03,674 - automated_trading.utils - INFO - Trading calendar updated: 41 trading days cached
2026-02-04 21:30:03,674 - automated_trading.order_manager - INFO - Loaded 0 pending orders
2026-02-04 21:30:03,675 - automated_trading.signal_queue - INFO - Loaded 1 queued signals
2026-02-04 21:30:03,695 - automated_trading.position_monitor - INFO - Loaded 8 positions
2026-02-04 21:30:03,696 - automated_trading.position_monitor - INFO - Loaded signal history for 12 tickers
2026-02-04 21:30:03,731 - automated_trading.execution_metrics - INFO - Loaded 5 execution records
2026-02-04 21:30:03,731 - __main__ - INFO - All components initialized successfully
2026-02-04 21:30:03,731 - __main__ - INFO - 
============================================================
2026-02-04 21:30:03,731 - __main__ - INFO - END OF DAY SUMMARY
2026-02-04 21:30:03,731 - __main__ - INFO - ============================================================
2026-02-04 21:30:03,835 - __main__ - INFO - Sending EOD summary with 1 exits
2026-02-04 21:30:04,826 - automated_trading.alerts - INFO - ✅ Alert sent successfully: 🧪 Daily Summary: $+1,016.09 | February 04, 2026
2026-02-04 21:30:04,828 - __main__ - INFO - Cleared exits_today after EOD summary
2026-02-04 21:30:04,828 - __main__ - INFO - Portfolio Value: $95,798.35
2026-02-04 21:30:04,828 - __main__ - INFO - Daily P&L: $+1,016.09
2026-02-04 21:30:04,828 - __main__ - INFO - Trades Today: 2
2026-02-04 21:30:04,828 - __main__ - INFO - Open Positions: 8
2026-02-04 21:30:04,828 - __main__ - INFO - ============================================================
{
  "date": "2026-02-04",
  "portfolio_value": 95798.35,
  "daily_pnl": 1016.0900000000111,
  "trades_executed": 2,
  "open_positions": 8,
  "exits_reported": 1,
  "circuit_breaker": {
    "is_halted": false,
    "halt_reason": null,
    "daily_pnl": 43.91609500000062,
    "consecutive_losses": 0,
    "trades_today": 1,
    "total_trades_today": 2,
    "trades_remaining": 13
  }
}
