From https://github.com/samie-mirghani/insider-cluster-watch
 * branch            main       -> FETCH_HEAD
   bd02fd3..7465402  main       -> origin/main
Updating bd02fd3..7465402
Fast-forward
 data/api_rate_limit.json             |    2 +-
 data/approved_signals.json           |  110 +-
 data/company_profiles_cache.json     |   60 +
 data/failed_tickers_cache.json       |  359 ++-
 data/fmp_analytics.json              |   31 +-
 data/insider_name_mapping.json       |   14 +-
 data/insider_tracking_queue.json     | 4561 +++++++++++++++++++---------------
 data/insider_trades_history.csv      |   15 +
 data/paper_portfolio.json            |  116 +-
 data/paper_trades.csv                |    8 +-
 data/politician_trades_cache.json    |    2 +-
 data/signals_history.csv             |   11 +-
 docs/insider_performance_public.json |    2 +-
 jobs/main.py                         |    2 +-
 jobs/paper_trading_multi_signal.py   |    2 +-
 public_performance.json              |   62 +-
 16 files changed, 3185 insertions(+), 2172 deletions(-)
