From https://github.com/samie-mirghani/insider-cluster-watch
 * branch            main       -> FETCH_HEAD
   9b23070..34c7796  main       -> origin/main
Updating 9b23070..34c7796
Fast-forward
 data/api_rate_limit.json             |    2 +-
 data/approved_signals.json           |   84 +-
 data/company_profiles_cache.json     |   96 +
 data/failed_tickers_cache.json       |   56 +
 data/fmp_analytics.json              |   31 +-
 data/insider_name_mapping.json       |   14 +-
 data/insider_tracking_queue.json     | 4562 ++++++++++++++++++----------------
 data/insider_trades_history.csv      |   68 +-
 data/paper_portfolio.json            |   66 +-
 data/paper_trades.csv                |    2 +
 data/politician_trades_cache.json    |   38 +-
 data/signals_history.csv             |    9 +-
 docs/insider_performance_public.json |    2 +-
 public_performance.json              |   98 +-
 14 files changed, 2812 insertions(+), 2316 deletions(-)
