From https://github.com/samie-mirghani/insider-cluster-watch
 * branch            main       -> FETCH_HEAD
   dbde599..1ea46ee  main       -> origin/main
Updating dbde599..1ea46ee
Fast-forward
 data/api_rate_limit.json             |    2 +-
 data/approved_signals.json           |  228 +-
 data/company_profiles_cache.json     |  212 +-
 data/failed_tickers_cache.json       |   53 +-
 data/fmp_analytics.json              |   31 +-
 data/insider_name_mapping.json       |   22 +-
 data/insider_profiles.json           |   10 +-
 data/insider_tracking_queue.json     | 5805 ++++++++++++++++++----------------
 data/insider_trades_history.csv      |   20 +
 data/paper_portfolio.json            |   96 +-
 data/paper_trades.csv                |    7 +-
 data/politician_trades_cache.json    |  218 +-
 data/signals_history.csv             |   18 +-
 docs/insider_performance_public.json |    2 +-
 public_performance.json              |  119 +-
 15 files changed, 4020 insertions(+), 2823 deletions(-)
