Wed Feb 18 00:00:01 UTC 2026: === TRADING SYSTEM HEALTH CHECK ===
Wed Feb 18 00:00:01 UTC 2026: ✓ Disk usage: 19% (OK)
Wed Feb 18 00:00:01 UTC 2026: ✓ Log directory size: 5MB (OK)
Wed Feb 18 00:00:01 UTC 2026: ✓ Virtual environment exists
Wed Feb 18 00:00:01 UTC 2026: ✓ .env configuration exists
Wed Feb 18 00:00:01 UTC 2026: === HEALTH CHECK COMPLETE ===
Wed Feb 18 06:00:01 UTC 2026: === TRADING SYSTEM HEALTH CHECK ===
Wed Feb 18 06:00:01 UTC 2026: ✓ Disk usage: 19% (OK)
Wed Feb 18 06:00:01 UTC 2026: ✓ Log directory size: 5MB (OK)
Wed Feb 18 06:00:01 UTC 2026: ✓ Virtual environment exists
Wed Feb 18 06:00:01 UTC 2026: ✓ .env configuration exists
Wed Feb 18 06:00:01 UTC 2026: === HEALTH CHECK COMPLETE ===
Wed Feb 18 12:00:02 UTC 2026: === TRADING SYSTEM HEALTH CHECK ===
Wed Feb 18 12:00:02 UTC 2026: ✓ Disk usage: 20% (OK)
Wed Feb 18 12:00:02 UTC 2026: ✓ Log directory size: 5MB (OK)
Wed Feb 18 12:00:02 UTC 2026: ✓ Virtual environment exists
Wed Feb 18 12:00:02 UTC 2026: ✓ .env configuration exists
Wed Feb 18 12:00:02 UTC 2026: === HEALTH CHECK COMPLETE ===
Wed Feb 18 18:00:01 UTC 2026: === TRADING SYSTEM HEALTH CHECK ===
Wed Feb 18 18:00:01 UTC 2026: ✓ Morning Execution: Log updated 203 min ago (OK)
Wed Feb 18 18:00:01 UTC 2026: ✓ Position Monitoring: Log updated 4 min ago (OK)
Wed Feb 18 18:00:01 UTC 2026: ⚠ Git Pull: Log is 27059 min old (expected < 480 min)
Wed Feb 18 18:00:01 UTC 2026: ✓ Disk usage: 20% (OK)
Wed Feb 18 18:00:01 UTC 2026: ✓ Log directory size: 6MB (OK)
Wed Feb 18 18:00:01 UTC 2026: ✓ Virtual environment exists
Wed Feb 18 18:00:01 UTC 2026: ✓ .env configuration exists
Wed Feb 18 18:00:01 UTC 2026: === HEALTH CHECK COMPLETE ===
