Fri Feb 27 00:00:01 UTC 2026: === TRADING SYSTEM HEALTH CHECK ===
Fri Feb 27 00:00:01 UTC 2026: ✓ Disk usage: 22% (OK)
Fri Feb 27 00:00:01 UTC 2026: ✓ Log directory size: 8MB (OK)
Fri Feb 27 00:00:01 UTC 2026: ✓ Virtual environment exists
Fri Feb 27 00:00:01 UTC 2026: ✓ .env configuration exists
Fri Feb 27 00:00:01 UTC 2026: === HEALTH CHECK COMPLETE ===
Fri Feb 27 06:00:02 UTC 2026: === TRADING SYSTEM HEALTH CHECK ===
Fri Feb 27 06:00:02 UTC 2026: ✓ Disk usage: 23% (OK)
Fri Feb 27 06:00:02 UTC 2026: ✓ Log directory size: 8MB (OK)
Fri Feb 27 06:00:02 UTC 2026: ✓ Virtual environment exists
Fri Feb 27 06:00:02 UTC 2026: ✓ .env configuration exists
Fri Feb 27 06:00:02 UTC 2026: === HEALTH CHECK COMPLETE ===
Fri Feb 27 12:00:01 UTC 2026: === TRADING SYSTEM HEALTH CHECK ===
Fri Feb 27 12:00:01 UTC 2026: ✓ Disk usage: 23% (OK)
Fri Feb 27 12:00:01 UTC 2026: ✓ Log directory size: 8MB (OK)
Fri Feb 27 12:00:01 UTC 2026: ✓ Virtual environment exists
Fri Feb 27 12:00:01 UTC 2026: ✓ .env configuration exists
Fri Feb 27 12:00:01 UTC 2026: === HEALTH CHECK COMPLETE ===
Fri Feb 27 18:00:01 UTC 2026: === TRADING SYSTEM HEALTH CHECK ===
Fri Feb 27 18:00:01 UTC 2026: ✓ Morning Execution: Log updated 203 min ago (OK)
Fri Feb 27 18:00:01 UTC 2026: ✓ Position Monitoring: Log updated 4 min ago (OK)
Fri Feb 27 18:00:01 UTC 2026: ⚠ Git Pull: Log is 40019 min old (expected < 480 min)
Fri Feb 27 18:00:01 UTC 2026: ✓ Disk usage: 23% (OK)
Fri Feb 27 18:00:01 UTC 2026: ✓ Log directory size: 8MB (OK)
Fri Feb 27 18:00:01 UTC 2026: ✓ Virtual environment exists
Fri Feb 27 18:00:01 UTC 2026: ✓ .env configuration exists
Fri Feb 27 18:00:01 UTC 2026: === HEALTH CHECK COMPLETE ===
