Tue Feb 24 00:00:01 UTC 2026: === TRADING SYSTEM HEALTH CHECK ===
Tue Feb 24 00:00:01 UTC 2026: ✓ Disk usage: 22% (OK)
Tue Feb 24 00:00:01 UTC 2026: ✓ Log directory size: 6MB (OK)
Tue Feb 24 00:00:01 UTC 2026: ✓ Virtual environment exists
Tue Feb 24 00:00:01 UTC 2026: ✓ .env configuration exists
Tue Feb 24 00:00:01 UTC 2026: === HEALTH CHECK COMPLETE ===
Tue Feb 24 06:00:01 UTC 2026: === TRADING SYSTEM HEALTH CHECK ===
Tue Feb 24 06:00:01 UTC 2026: ✓ Disk usage: 22% (OK)
Tue Feb 24 06:00:01 UTC 2026: ✓ Log directory size: 6MB (OK)
Tue Feb 24 06:00:01 UTC 2026: ✓ Virtual environment exists
Tue Feb 24 06:00:01 UTC 2026: ✓ .env configuration exists
Tue Feb 24 06:00:01 UTC 2026: === HEALTH CHECK COMPLETE ===
Tue Feb 24 12:00:01 UTC 2026: === TRADING SYSTEM HEALTH CHECK ===
Tue Feb 24 12:00:01 UTC 2026: ✓ Disk usage: 21% (OK)
Tue Feb 24 12:00:01 UTC 2026: ✓ Log directory size: 6MB (OK)
Tue Feb 24 12:00:01 UTC 2026: ✓ Virtual environment exists
Tue Feb 24 12:00:01 UTC 2026: ✓ .env configuration exists
Tue Feb 24 12:00:01 UTC 2026: === HEALTH CHECK COMPLETE ===
Tue Feb 24 18:00:01 UTC 2026: === TRADING SYSTEM HEALTH CHECK ===
Tue Feb 24 18:00:01 UTC 2026: ✓ Morning Execution: Log updated 203 min ago (OK)
Tue Feb 24 18:00:01 UTC 2026: ✓ Position Monitoring: Log updated 4 min ago (OK)
Tue Feb 24 18:00:01 UTC 2026: ⚠ Git Pull: Log is 35699 min old (expected < 480 min)
Tue Feb 24 18:00:01 UTC 2026: ✓ Disk usage: 21% (OK)
Tue Feb 24 18:00:01 UTC 2026: ✓ Log directory size: 7MB (OK)
Tue Feb 24 18:00:01 UTC 2026: ✓ Virtual environment exists
Tue Feb 24 18:00:01 UTC 2026: ✓ .env configuration exists
Tue Feb 24 18:00:01 UTC 2026: === HEALTH CHECK COMPLETE ===
