Fri Mar  6 00:00:01 UTC 2026: === TRADING SYSTEM HEALTH CHECK ===
Fri Mar  6 00:00:01 UTC 2026: ✓ Disk usage: 25% (OK)
Fri Mar  6 00:00:01 UTC 2026: ✓ Log directory size: 10MB (OK)
Fri Mar  6 00:00:01 UTC 2026: ✓ Virtual environment exists
Fri Mar  6 00:00:01 UTC 2026: ✓ .env configuration exists
Fri Mar  6 00:00:01 UTC 2026: === HEALTH CHECK COMPLETE ===
Fri Mar  6 06:00:01 UTC 2026: === TRADING SYSTEM HEALTH CHECK ===
Fri Mar  6 06:00:01 UTC 2026: ✓ Disk usage: 25% (OK)
Fri Mar  6 06:00:01 UTC 2026: ✓ Log directory size: 10MB (OK)
Fri Mar  6 06:00:01 UTC 2026: ✓ Virtual environment exists
Fri Mar  6 06:00:01 UTC 2026: ✓ .env configuration exists
Fri Mar  6 06:00:01 UTC 2026: === HEALTH CHECK COMPLETE ===
Fri Mar  6 12:00:01 UTC 2026: === TRADING SYSTEM HEALTH CHECK ===
Fri Mar  6 12:00:01 UTC 2026: ✓ Disk usage: 25% (OK)
Fri Mar  6 12:00:01 UTC 2026: ✓ Log directory size: 10MB (OK)
Fri Mar  6 12:00:01 UTC 2026: ✓ Virtual environment exists
Fri Mar  6 12:00:01 UTC 2026: ✓ .env configuration exists
Fri Mar  6 12:00:01 UTC 2026: === HEALTH CHECK COMPLETE ===
Fri Mar  6 18:00:01 UTC 2026: === TRADING SYSTEM HEALTH CHECK ===
Fri Mar  6 18:00:01 UTC 2026: ✓ Morning Execution: Log updated 203 min ago (OK)
Fri Mar  6 18:00:01 UTC 2026: ✓ Position Monitoring: Log updated 4 min ago (OK)
Fri Mar  6 18:00:01 UTC 2026: ⚠ Git Pull: Log is 50099 min old (expected < 480 min)
Fri Mar  6 18:00:01 UTC 2026: ✓ Disk usage: 25% (OK)
Fri Mar  6 18:00:01 UTC 2026: ✓ Log directory size: 10MB (OK)
Fri Mar  6 18:00:01 UTC 2026: ✓ Virtual environment exists
Fri Mar  6 18:00:01 UTC 2026: ✓ .env configuration exists
Fri Mar  6 18:00:01 UTC 2026: === HEALTH CHECK COMPLETE ===
