Tue Feb  3 00:00:01 UTC 2026: === TRADING SYSTEM HEALTH CHECK ===
Tue Feb  3 00:00:02 UTC 2026: ✓ Disk usage: 14% (OK)
Tue Feb  3 00:00:02 UTC 2026: ✓ Log directory size: 1MB (OK)
Tue Feb  3 00:00:02 UTC 2026: ✓ Virtual environment exists
Tue Feb  3 00:00:02 UTC 2026: ✓ .env configuration exists
Tue Feb  3 00:00:02 UTC 2026: === HEALTH CHECK COMPLETE ===
Tue Feb  3 06:00:01 UTC 2026: === TRADING SYSTEM HEALTH CHECK ===
Tue Feb  3 06:00:01 UTC 2026: ✓ Disk usage: 14% (OK)
Tue Feb  3 06:00:01 UTC 2026: ✓ Log directory size: 1MB (OK)
Tue Feb  3 06:00:01 UTC 2026: ✓ Virtual environment exists
Tue Feb  3 06:00:01 UTC 2026: ✓ .env configuration exists
Tue Feb  3 06:00:01 UTC 2026: === HEALTH CHECK COMPLETE ===
Tue Feb  3 12:00:01 UTC 2026: === TRADING SYSTEM HEALTH CHECK ===
Tue Feb  3 12:00:01 UTC 2026: ✓ Disk usage: 14% (OK)
Tue Feb  3 12:00:01 UTC 2026: ✓ Log directory size: 1MB (OK)
Tue Feb  3 12:00:01 UTC 2026: ✓ Virtual environment exists
Tue Feb  3 12:00:01 UTC 2026: ✓ .env configuration exists
Tue Feb  3 12:00:01 UTC 2026: === HEALTH CHECK COMPLETE ===
Tue Feb  3 18:00:02 UTC 2026: === TRADING SYSTEM HEALTH CHECK ===
Tue Feb  3 18:00:02 UTC 2026: ✓ Morning Execution: Log updated 203 min ago (OK)
Tue Feb  3 18:00:02 UTC 2026: ✓ Position Monitoring: Log updated 4 min ago (OK)
Tue Feb  3 18:00:02 UTC 2026: ⚠ Git Pull: Log is 5459 min old (expected < 480 min)
Tue Feb  3 18:00:02 UTC 2026: ✓ Disk usage: 15% (OK)
Tue Feb  3 18:00:02 UTC 2026: ✓ Log directory size: 1MB (OK)
Tue Feb  3 18:00:02 UTC 2026: ✓ Virtual environment exists
Tue Feb  3 18:00:02 UTC 2026: ✓ .env configuration exists
Tue Feb  3 18:00:02 UTC 2026: === HEALTH CHECK COMPLETE ===
