Fri Feb  6 00:00:01 UTC 2026: === TRADING SYSTEM HEALTH CHECK ===
Fri Feb  6 00:00:02 UTC 2026: ✓ Disk usage: 15% (OK)
Fri Feb  6 00:00:02 UTC 2026: ✓ Log directory size: 2MB (OK)
Fri Feb  6 00:00:02 UTC 2026: ✓ Virtual environment exists
Fri Feb  6 00:00:02 UTC 2026: ✓ .env configuration exists
Fri Feb  6 00:00:02 UTC 2026: === HEALTH CHECK COMPLETE ===
Fri Feb  6 06:00:01 UTC 2026: === TRADING SYSTEM HEALTH CHECK ===
Fri Feb  6 06:00:01 UTC 2026: ✓ Disk usage: 15% (OK)
Fri Feb  6 06:00:01 UTC 2026: ✓ Log directory size: 2MB (OK)
Fri Feb  6 06:00:01 UTC 2026: ✓ Virtual environment exists
Fri Feb  6 06:00:01 UTC 2026: ✓ .env configuration exists
Fri Feb  6 06:00:01 UTC 2026: === HEALTH CHECK COMPLETE ===
Fri Feb  6 12:00:01 UTC 2026: === TRADING SYSTEM HEALTH CHECK ===
Fri Feb  6 12:00:01 UTC 2026: ✓ Disk usage: 15% (OK)
Fri Feb  6 12:00:01 UTC 2026: ✓ Log directory size: 2MB (OK)
Fri Feb  6 12:00:01 UTC 2026: ✓ Virtual environment exists
Fri Feb  6 12:00:01 UTC 2026: ✓ .env configuration exists
Fri Feb  6 12:00:01 UTC 2026: === HEALTH CHECK COMPLETE ===
Fri Feb  6 18:00:01 UTC 2026: === TRADING SYSTEM HEALTH CHECK ===
Fri Feb  6 18:00:01 UTC 2026: ✓ Morning Execution: Log updated 203 min ago (OK)
Fri Feb  6 18:00:01 UTC 2026: ✓ Position Monitoring: Log updated 4 min ago (OK)
Fri Feb  6 18:00:01 UTC 2026: ⚠ Git Pull: Log is 9779 min old (expected < 480 min)
Fri Feb  6 18:00:01 UTC 2026: ✓ Disk usage: 16% (OK)
Fri Feb  6 18:00:01 UTC 2026: ✓ Log directory size: 2MB (OK)
Fri Feb  6 18:00:01 UTC 2026: ✓ Virtual environment exists
Fri Feb  6 18:00:01 UTC 2026: ✓ .env configuration exists
Fri Feb  6 18:00:01 UTC 2026: === HEALTH CHECK COMPLETE ===
