Thu Feb 19 00:00:01 UTC 2026: === TRADING SYSTEM HEALTH CHECK ===
Thu Feb 19 00:00:01 UTC 2026: ✓ Disk usage: 19% (OK)
Thu Feb 19 00:00:01 UTC 2026: ✓ Log directory size: 6MB (OK)
Thu Feb 19 00:00:01 UTC 2026: ✓ Virtual environment exists
Thu Feb 19 00:00:01 UTC 2026: ✓ .env configuration exists
Thu Feb 19 00:00:01 UTC 2026: === HEALTH CHECK COMPLETE ===
Thu Feb 19 06:00:01 UTC 2026: === TRADING SYSTEM HEALTH CHECK ===
Thu Feb 19 06:00:01 UTC 2026: ✓ Disk usage: 19% (OK)
Thu Feb 19 06:00:01 UTC 2026: ✓ Log directory size: 6MB (OK)
Thu Feb 19 06:00:01 UTC 2026: ✓ Virtual environment exists
Thu Feb 19 06:00:01 UTC 2026: ✓ .env configuration exists
Thu Feb 19 06:00:01 UTC 2026: === HEALTH CHECK COMPLETE ===
Thu Feb 19 12:00:01 UTC 2026: === TRADING SYSTEM HEALTH CHECK ===
Thu Feb 19 12:00:01 UTC 2026: ✓ Disk usage: 20% (OK)
Thu Feb 19 12:00:01 UTC 2026: ✓ Log directory size: 6MB (OK)
Thu Feb 19 12:00:01 UTC 2026: ✓ Virtual environment exists
Thu Feb 19 12:00:01 UTC 2026: ✓ .env configuration exists
Thu Feb 19 12:00:01 UTC 2026: === HEALTH CHECK COMPLETE ===
Thu Feb 19 18:00:01 UTC 2026: === TRADING SYSTEM HEALTH CHECK ===
Thu Feb 19 18:00:01 UTC 2026: ✓ Morning Execution: Log updated 203 min ago (OK)
Thu Feb 19 18:00:01 UTC 2026: ✓ Position Monitoring: Log updated 4 min ago (OK)
Thu Feb 19 18:00:01 UTC 2026: ⚠ Git Pull: Log is 28499 min old (expected < 480 min)
Thu Feb 19 18:00:01 UTC 2026: ✓ Disk usage: 20% (OK)
Thu Feb 19 18:00:01 UTC 2026: ✓ Log directory size: 6MB (OK)
Thu Feb 19 18:00:01 UTC 2026: ✓ Virtual environment exists
Thu Feb 19 18:00:01 UTC 2026: ✓ .env configuration exists
Thu Feb 19 18:00:01 UTC 2026: === HEALTH CHECK COMPLETE ===
