Tue Feb 17 00:00:01 UTC 2026: === TRADING SYSTEM HEALTH CHECK ===
Tue Feb 17 00:00:01 UTC 2026: ✓ Disk usage: 19% (OK)
Tue Feb 17 00:00:01 UTC 2026: ✓ Log directory size: 5MB (OK)
Tue Feb 17 00:00:01 UTC 2026: ✓ Virtual environment exists
Tue Feb 17 00:00:01 UTC 2026: ✓ .env configuration exists
Tue Feb 17 00:00:01 UTC 2026: === HEALTH CHECK COMPLETE ===
Tue Feb 17 06:00:01 UTC 2026: === TRADING SYSTEM HEALTH CHECK ===
Tue Feb 17 06:00:01 UTC 2026: ✓ Disk usage: 19% (OK)
Tue Feb 17 06:00:01 UTC 2026: ✓ Log directory size: 5MB (OK)
Tue Feb 17 06:00:01 UTC 2026: ✓ Virtual environment exists
Tue Feb 17 06:00:01 UTC 2026: ✓ .env configuration exists
Tue Feb 17 06:00:02 UTC 2026: === HEALTH CHECK COMPLETE ===
Tue Feb 17 12:00:01 UTC 2026: === TRADING SYSTEM HEALTH CHECK ===
Tue Feb 17 12:00:01 UTC 2026: ✓ Disk usage: 19% (OK)
Tue Feb 17 12:00:01 UTC 2026: ✓ Log directory size: 5MB (OK)
Tue Feb 17 12:00:01 UTC 2026: ✓ Virtual environment exists
Tue Feb 17 12:00:01 UTC 2026: ✓ .env configuration exists
Tue Feb 17 12:00:01 UTC 2026: === HEALTH CHECK COMPLETE ===
Tue Feb 17 18:00:01 UTC 2026: === TRADING SYSTEM HEALTH CHECK ===
Tue Feb 17 18:00:01 UTC 2026: ✓ Morning Execution: Log updated 203 min ago (OK)
Tue Feb 17 18:00:01 UTC 2026: ✓ Position Monitoring: Log updated 4 min ago (OK)
Tue Feb 17 18:00:01 UTC 2026: ⚠ Git Pull: Log is 25619 min old (expected < 480 min)
Tue Feb 17 18:00:01 UTC 2026: ✓ Disk usage: 19% (OK)
Tue Feb 17 18:00:01 UTC 2026: ✓ Log directory size: 5MB (OK)
Tue Feb 17 18:00:01 UTC 2026: ✓ Virtual environment exists
Tue Feb 17 18:00:01 UTC 2026: ✓ .env configuration exists
Tue Feb 17 18:00:01 UTC 2026: === HEALTH CHECK COMPLETE ===
