Wed Feb 25 00:00:01 UTC 2026: === TRADING SYSTEM HEALTH CHECK ===
Wed Feb 25 00:00:01 UTC 2026: ✓ Disk usage: 21% (OK)
Wed Feb 25 00:00:01 UTC 2026: ✓ Log directory size: 7MB (OK)
Wed Feb 25 00:00:01 UTC 2026: ✓ Virtual environment exists
Wed Feb 25 00:00:01 UTC 2026: ✓ .env configuration exists
Wed Feb 25 00:00:01 UTC 2026: === HEALTH CHECK COMPLETE ===
Wed Feb 25 06:00:01 UTC 2026: === TRADING SYSTEM HEALTH CHECK ===
Wed Feb 25 06:00:01 UTC 2026: ✓ Disk usage: 23% (OK)
Wed Feb 25 06:00:01 UTC 2026: ✓ Log directory size: 7MB (OK)
Wed Feb 25 06:00:01 UTC 2026: ✓ Virtual environment exists
Wed Feb 25 06:00:01 UTC 2026: ✓ .env configuration exists
Wed Feb 25 06:00:01 UTC 2026: === HEALTH CHECK COMPLETE ===
Wed Feb 25 12:00:01 UTC 2026: === TRADING SYSTEM HEALTH CHECK ===
Wed Feb 25 12:00:01 UTC 2026: ✓ Disk usage: 23% (OK)
Wed Feb 25 12:00:01 UTC 2026: ✓ Log directory size: 7MB (OK)
Wed Feb 25 12:00:01 UTC 2026: ✓ Virtual environment exists
Wed Feb 25 12:00:01 UTC 2026: ✓ .env configuration exists
Wed Feb 25 12:00:01 UTC 2026: === HEALTH CHECK COMPLETE ===
Wed Feb 25 18:00:01 UTC 2026: === TRADING SYSTEM HEALTH CHECK ===
Wed Feb 25 18:00:01 UTC 2026: ✓ Morning Execution: Log updated 203 min ago (OK)
Wed Feb 25 18:00:01 UTC 2026: ✓ Position Monitoring: Log updated 4 min ago (OK)
Wed Feb 25 18:00:01 UTC 2026: ⚠ Git Pull: Log is 37139 min old (expected < 480 min)
Wed Feb 25 18:00:01 UTC 2026: ✓ Disk usage: 23% (OK)
Wed Feb 25 18:00:01 UTC 2026: ✓ Log directory size: 7MB (OK)
Wed Feb 25 18:00:01 UTC 2026: ✓ Virtual environment exists
Wed Feb 25 18:00:01 UTC 2026: ✓ .env configuration exists
Wed Feb 25 18:00:01 UTC 2026: === HEALTH CHECK COMPLETE ===
