Sat Feb 21 00:00:01 UTC 2026: === TRADING SYSTEM HEALTH CHECK ===
Sat Feb 21 00:00:01 UTC 2026: Weekend - Trading jobs not scheduled
Sat Feb 21 00:00:01 UTC 2026: ✓ Disk usage: 22% (OK)
Sat Feb 21 00:00:01 UTC 2026: ✓ Log directory size: 6MB (OK)
Sat Feb 21 00:00:01 UTC 2026: ✓ Virtual environment exists
Sat Feb 21 00:00:01 UTC 2026: ✓ .env configuration exists
Sat Feb 21 00:00:01 UTC 2026: === HEALTH CHECK COMPLETE ===
Sat Feb 21 06:00:01 UTC 2026: === TRADING SYSTEM HEALTH CHECK ===
Sat Feb 21 06:00:01 UTC 2026: Weekend - Trading jobs not scheduled
Sat Feb 21 06:00:01 UTC 2026: ✓ Disk usage: 22% (OK)
Sat Feb 21 06:00:01 UTC 2026: ✓ Log directory size: 6MB (OK)
Sat Feb 21 06:00:01 UTC 2026: ✓ Virtual environment exists
Sat Feb 21 06:00:01 UTC 2026: ✓ .env configuration exists
Sat Feb 21 06:00:01 UTC 2026: === HEALTH CHECK COMPLETE ===
Sat Feb 21 12:00:01 UTC 2026: === TRADING SYSTEM HEALTH CHECK ===
Sat Feb 21 12:00:01 UTC 2026: Weekend - Trading jobs not scheduled
Sat Feb 21 12:00:01 UTC 2026: ✓ Disk usage: 22% (OK)
Sat Feb 21 12:00:01 UTC 2026: ✓ Log directory size: 6MB (OK)
Sat Feb 21 12:00:01 UTC 2026: ✓ Virtual environment exists
Sat Feb 21 12:00:01 UTC 2026: ✓ .env configuration exists
Sat Feb 21 12:00:01 UTC 2026: === HEALTH CHECK COMPLETE ===
Sat Feb 21 18:00:01 UTC 2026: === TRADING SYSTEM HEALTH CHECK ===
Sat Feb 21 18:00:01 UTC 2026: Weekend - Trading jobs not scheduled
Sat Feb 21 18:00:01 UTC 2026: ✓ Disk usage: 21% (OK)
Sat Feb 21 18:00:01 UTC 2026: ✓ Log directory size: 6MB (OK)
Sat Feb 21 18:00:01 UTC 2026: ✓ Virtual environment exists
Sat Feb 21 18:00:01 UTC 2026: ✓ .env configuration exists
Sat Feb 21 18:00:01 UTC 2026: === HEALTH CHECK COMPLETE ===
