Mon Feb  9 00:00:01 UTC 2026: === TRADING SYSTEM HEALTH CHECK ===
Mon Feb  9 00:00:01 UTC 2026: ✓ Disk usage: 17% (OK)
Mon Feb  9 00:00:01 UTC 2026: ✓ Log directory size: 2MB (OK)
Mon Feb  9 00:00:01 UTC 2026: ✓ Virtual environment exists
Mon Feb  9 00:00:01 UTC 2026: ✓ .env configuration exists
Mon Feb  9 00:00:01 UTC 2026: === HEALTH CHECK COMPLETE ===
Mon Feb  9 06:00:01 UTC 2026: === TRADING SYSTEM HEALTH CHECK ===
Mon Feb  9 06:00:01 UTC 2026: ✓ Disk usage: 17% (OK)
Mon Feb  9 06:00:01 UTC 2026: ✓ Log directory size: 2MB (OK)
Mon Feb  9 06:00:01 UTC 2026: ✓ Virtual environment exists
Mon Feb  9 06:00:01 UTC 2026: ✓ .env configuration exists
Mon Feb  9 06:00:01 UTC 2026: === HEALTH CHECK COMPLETE ===
Mon Feb  9 12:00:01 UTC 2026: === TRADING SYSTEM HEALTH CHECK ===
Mon Feb  9 12:00:01 UTC 2026: ✓ Disk usage: 17% (OK)
Mon Feb  9 12:00:01 UTC 2026: ✓ Log directory size: 2MB (OK)
Mon Feb  9 12:00:01 UTC 2026: ✓ Virtual environment exists
Mon Feb  9 12:00:01 UTC 2026: ✓ .env configuration exists
Mon Feb  9 12:00:01 UTC 2026: === HEALTH CHECK COMPLETE ===
Mon Feb  9 18:00:01 UTC 2026: === TRADING SYSTEM HEALTH CHECK ===
Mon Feb  9 18:00:01 UTC 2026: ✓ Morning Execution: Log updated 203 min ago (OK)
Mon Feb  9 18:00:01 UTC 2026: ✓ Position Monitoring: Log updated 4 min ago (OK)
Mon Feb  9 18:00:01 UTC 2026: ⚠ Git Pull: Log is 14099 min old (expected < 480 min)
Mon Feb  9 18:00:01 UTC 2026: ✓ Disk usage: 17% (OK)
Mon Feb  9 18:00:01 UTC 2026: ✓ Log directory size: 2MB (OK)
Mon Feb  9 18:00:01 UTC 2026: ✓ Virtual environment exists
Mon Feb  9 18:00:01 UTC 2026: ✓ .env configuration exists
Mon Feb  9 18:00:01 UTC 2026: === HEALTH CHECK COMPLETE ===
