Sun Feb 22 00:00:01 UTC 2026: === TRADING SYSTEM HEALTH CHECK ===
Sun Feb 22 00:00:01 UTC 2026: Weekend - Trading jobs not scheduled
Sun Feb 22 00:00:01 UTC 2026: ✓ Disk usage: 21% (OK)
Sun Feb 22 00:00:01 UTC 2026: ✓ Log directory size: 6MB (OK)
Sun Feb 22 00:00:01 UTC 2026: ✓ Virtual environment exists
Sun Feb 22 00:00:01 UTC 2026: ✓ .env configuration exists
Sun Feb 22 00:00:01 UTC 2026: === HEALTH CHECK COMPLETE ===
Sun Feb 22 06:00:01 UTC 2026: === TRADING SYSTEM HEALTH CHECK ===
Sun Feb 22 06:00:01 UTC 2026: Weekend - Trading jobs not scheduled
Sun Feb 22 06:00:01 UTC 2026: ✓ Disk usage: 21% (OK)
Sun Feb 22 06:00:01 UTC 2026: ✓ Log directory size: 6MB (OK)
Sun Feb 22 06:00:01 UTC 2026: ✓ Virtual environment exists
Sun Feb 22 06:00:01 UTC 2026: ✓ .env configuration exists
Sun Feb 22 06:00:01 UTC 2026: === HEALTH CHECK COMPLETE ===
Sun Feb 22 12:00:01 UTC 2026: === TRADING SYSTEM HEALTH CHECK ===
Sun Feb 22 12:00:01 UTC 2026: Weekend - Trading jobs not scheduled
Sun Feb 22 12:00:01 UTC 2026: ✓ Disk usage: 21% (OK)
Sun Feb 22 12:00:01 UTC 2026: ✓ Log directory size: 6MB (OK)
Sun Feb 22 12:00:01 UTC 2026: ✓ Virtual environment exists
Sun Feb 22 12:00:01 UTC 2026: ✓ .env configuration exists
Sun Feb 22 12:00:01 UTC 2026: === HEALTH CHECK COMPLETE ===
Sun Feb 22 18:00:01 UTC 2026: === TRADING SYSTEM HEALTH CHECK ===
Sun Feb 22 18:00:01 UTC 2026: Weekend - Trading jobs not scheduled
Sun Feb 22 18:00:01 UTC 2026: ✓ Disk usage: 21% (OK)
Sun Feb 22 18:00:01 UTC 2026: ✓ Log directory size: 6MB (OK)
Sun Feb 22 18:00:01 UTC 2026: ✓ Virtual environment exists
Sun Feb 22 18:00:01 UTC 2026: ✓ .env configuration exists
Sun Feb 22 18:00:01 UTC 2026: === HEALTH CHECK COMPLETE ===
