Mon Mar  2 00:00:01 UTC 2026: === TRADING SYSTEM HEALTH CHECK ===
Mon Mar  2 00:00:01 UTC 2026: ✓ Disk usage: 22% (OK)
Mon Mar  2 00:00:01 UTC 2026: ✓ Log directory size: 8MB (OK)
Mon Mar  2 00:00:01 UTC 2026: ✓ Virtual environment exists
Mon Mar  2 00:00:01 UTC 2026: ✓ .env configuration exists
Mon Mar  2 00:00:01 UTC 2026: === HEALTH CHECK COMPLETE ===
Mon Mar  2 06:00:01 UTC 2026: === TRADING SYSTEM HEALTH CHECK ===
Mon Mar  2 06:00:01 UTC 2026: ✓ Disk usage: 22% (OK)
Mon Mar  2 06:00:01 UTC 2026: ✓ Log directory size: 8MB (OK)
Mon Mar  2 06:00:01 UTC 2026: ✓ Virtual environment exists
Mon Mar  2 06:00:01 UTC 2026: ✓ .env configuration exists
Mon Mar  2 06:00:01 UTC 2026: === HEALTH CHECK COMPLETE ===
Mon Mar  2 12:00:01 UTC 2026: === TRADING SYSTEM HEALTH CHECK ===
Mon Mar  2 12:00:01 UTC 2026: ✓ Disk usage: 23% (OK)
Mon Mar  2 12:00:01 UTC 2026: ✓ Log directory size: 8MB (OK)
Mon Mar  2 12:00:01 UTC 2026: ✓ Virtual environment exists
Mon Mar  2 12:00:01 UTC 2026: ✓ .env configuration exists
Mon Mar  2 12:00:01 UTC 2026: === HEALTH CHECK COMPLETE ===
Mon Mar  2 18:00:01 UTC 2026: === TRADING SYSTEM HEALTH CHECK ===
Mon Mar  2 18:00:01 UTC 2026: ✓ Morning Execution: Log updated 203 min ago (OK)
Mon Mar  2 18:00:01 UTC 2026: ✓ Position Monitoring: Log updated 4 min ago (OK)
Mon Mar  2 18:00:01 UTC 2026: ⚠ Git Pull: Log is 44339 min old (expected < 480 min)
Mon Mar  2 18:00:01 UTC 2026: ✓ Disk usage: 23% (OK)
Mon Mar  2 18:00:01 UTC 2026: ✓ Log directory size: 8MB (OK)
Mon Mar  2 18:00:01 UTC 2026: ✓ Virtual environment exists
Mon Mar  2 18:00:01 UTC 2026: ✓ .env configuration exists
Mon Mar  2 18:00:01 UTC 2026: === HEALTH CHECK COMPLETE ===
