Mon Feb  2 00:00:01 UTC 2026: === TRADING SYSTEM HEALTH CHECK ===
Mon Feb  2 00:00:01 UTC 2026: ✓ Disk usage: 13% (OK)
Mon Feb  2 00:00:01 UTC 2026: ✓ Log directory size: 1MB (OK)
Mon Feb  2 00:00:01 UTC 2026: ✓ Virtual environment exists
Mon Feb  2 00:00:01 UTC 2026: ✓ .env configuration exists
Mon Feb  2 00:00:01 UTC 2026: === HEALTH CHECK COMPLETE ===
Mon Feb  2 06:00:01 UTC 2026: === TRADING SYSTEM HEALTH CHECK ===
Mon Feb  2 06:00:01 UTC 2026: ✓ Disk usage: 13% (OK)
Mon Feb  2 06:00:01 UTC 2026: ✓ Log directory size: 1MB (OK)
Mon Feb  2 06:00:01 UTC 2026: ✓ Virtual environment exists
Mon Feb  2 06:00:01 UTC 2026: ✓ .env configuration exists
Mon Feb  2 06:00:01 UTC 2026: === HEALTH CHECK COMPLETE ===
Mon Feb  2 12:00:01 UTC 2026: === TRADING SYSTEM HEALTH CHECK ===
Mon Feb  2 12:00:01 UTC 2026: ✓ Disk usage: 14% (OK)
Mon Feb  2 12:00:01 UTC 2026: ✓ Log directory size: 1MB (OK)
Mon Feb  2 12:00:01 UTC 2026: ✓ Virtual environment exists
Mon Feb  2 12:00:01 UTC 2026: ✓ .env configuration exists
Mon Feb  2 12:00:01 UTC 2026: === HEALTH CHECK COMPLETE ===
Mon Feb  2 18:00:01 UTC 2026: === TRADING SYSTEM HEALTH CHECK ===
Mon Feb  2 18:00:01 UTC 2026: ✗ Morning Execution: Log file not found
Mon Feb  2 18:00:01 UTC 2026: ✓ Position Monitoring: Log updated 4 min ago (OK)
Mon Feb  2 18:00:01 UTC 2026: ⚠ Git Pull: Log is 4019 min old (expected < 480 min)
Mon Feb  2 18:00:01 UTC 2026: ✓ Disk usage: 14% (OK)
Mon Feb  2 18:00:01 UTC 2026: ✓ Log directory size: 1MB (OK)
Mon Feb  2 18:00:01 UTC 2026: ✓ Virtual environment exists
Mon Feb  2 18:00:01 UTC 2026: ✓ .env configuration exists
Mon Feb  2 18:00:01 UTC 2026: === HEALTH CHECK COMPLETE ===
