Sun Mar  8 00:00:01 UTC 2026: === TRADING SYSTEM HEALTH CHECK ===
Sun Mar  8 00:00:01 UTC 2026: Weekend - Trading jobs not scheduled
Sun Mar  8 00:00:01 UTC 2026: ✓ Disk usage: 24% (OK)
Sun Mar  8 00:00:01 UTC 2026: ✓ Log directory size: 11MB (OK)
Sun Mar  8 00:00:01 UTC 2026: ✓ Virtual environment exists
Sun Mar  8 00:00:01 UTC 2026: ✓ .env configuration exists
Sun Mar  8 00:00:01 UTC 2026: === HEALTH CHECK COMPLETE ===
Sun Mar  8 06:00:01 UTC 2026: === TRADING SYSTEM HEALTH CHECK ===
Sun Mar  8 06:00:01 UTC 2026: Weekend - Trading jobs not scheduled
Sun Mar  8 06:00:01 UTC 2026: ✓ Disk usage: 24% (OK)
Sun Mar  8 06:00:01 UTC 2026: ✓ Log directory size: 11MB (OK)
Sun Mar  8 06:00:01 UTC 2026: ✓ Virtual environment exists
Sun Mar  8 06:00:01 UTC 2026: ✓ .env configuration exists
Sun Mar  8 06:00:01 UTC 2026: === HEALTH CHECK COMPLETE ===
Sun Mar  8 12:00:01 UTC 2026: === TRADING SYSTEM HEALTH CHECK ===
Sun Mar  8 12:00:01 UTC 2026: Weekend - Trading jobs not scheduled
Sun Mar  8 12:00:01 UTC 2026: ✓ Disk usage: 24% (OK)
Sun Mar  8 12:00:01 UTC 2026: ✓ Log directory size: 11MB (OK)
Sun Mar  8 12:00:01 UTC 2026: ✓ Virtual environment exists
Sun Mar  8 12:00:01 UTC 2026: ✓ .env configuration exists
Sun Mar  8 12:00:01 UTC 2026: === HEALTH CHECK COMPLETE ===
Sun Mar  8 18:00:01 UTC 2026: === TRADING SYSTEM HEALTH CHECK ===
Sun Mar  8 18:00:01 UTC 2026: Weekend - Trading jobs not scheduled
Sun Mar  8 18:00:01 UTC 2026: ✓ Disk usage: 24% (OK)
Sun Mar  8 18:00:01 UTC 2026: ✓ Log directory size: 11MB (OK)
Sun Mar  8 18:00:01 UTC 2026: ✓ Virtual environment exists
Sun Mar  8 18:00:01 UTC 2026: ✓ .env configuration exists
Sun Mar  8 18:00:01 UTC 2026: === HEALTH CHECK COMPLETE ===
