Thu Feb 12 00:00:01 UTC 2026: === TRADING SYSTEM HEALTH CHECK ===
Thu Feb 12 00:00:01 UTC 2026: ✓ Disk usage: 17% (OK)
Thu Feb 12 00:00:01 UTC 2026: ✓ Log directory size: 4MB (OK)
Thu Feb 12 00:00:01 UTC 2026: ✓ Virtual environment exists
Thu Feb 12 00:00:01 UTC 2026: ✓ .env configuration exists
Thu Feb 12 00:00:01 UTC 2026: === HEALTH CHECK COMPLETE ===
Thu Feb 12 06:00:01 UTC 2026: === TRADING SYSTEM HEALTH CHECK ===
Thu Feb 12 06:00:01 UTC 2026: ✓ Disk usage: 18% (OK)
Thu Feb 12 06:00:01 UTC 2026: ✓ Log directory size: 4MB (OK)
Thu Feb 12 06:00:01 UTC 2026: ✓ Virtual environment exists
Thu Feb 12 06:00:01 UTC 2026: ✓ .env configuration exists
Thu Feb 12 06:00:01 UTC 2026: === HEALTH CHECK COMPLETE ===
Thu Feb 12 12:00:01 UTC 2026: === TRADING SYSTEM HEALTH CHECK ===
Thu Feb 12 12:00:01 UTC 2026: ✓ Disk usage: 18% (OK)
Thu Feb 12 12:00:01 UTC 2026: ✓ Log directory size: 4MB (OK)
Thu Feb 12 12:00:01 UTC 2026: ✓ Virtual environment exists
Thu Feb 12 12:00:01 UTC 2026: ✓ .env configuration exists
Thu Feb 12 12:00:01 UTC 2026: === HEALTH CHECK COMPLETE ===
Thu Feb 12 18:00:01 UTC 2026: === TRADING SYSTEM HEALTH CHECK ===
Thu Feb 12 18:00:01 UTC 2026: ✓ Morning Execution: Log updated 203 min ago (OK)
Thu Feb 12 18:00:01 UTC 2026: ✓ Position Monitoring: Log updated 4 min ago (OK)
Thu Feb 12 18:00:01 UTC 2026: ⚠ Git Pull: Log is 18419 min old (expected < 480 min)
Thu Feb 12 18:00:01 UTC 2026: ✓ Disk usage: 18% (OK)
Thu Feb 12 18:00:01 UTC 2026: ✓ Log directory size: 4MB (OK)
Thu Feb 12 18:00:01 UTC 2026: ✓ Virtual environment exists
Thu Feb 12 18:00:01 UTC 2026: ✓ .env configuration exists
Thu Feb 12 18:00:01 UTC 2026: === HEALTH CHECK COMPLETE ===
