Mon Feb 23 00:00:01 UTC 2026: === TRADING SYSTEM HEALTH CHECK ===
Mon Feb 23 00:00:01 UTC 2026: ✓ Disk usage: 21% (OK)
Mon Feb 23 00:00:01 UTC 2026: ✓ Log directory size: 6MB (OK)
Mon Feb 23 00:00:01 UTC 2026: ✓ Virtual environment exists
Mon Feb 23 00:00:01 UTC 2026: ✓ .env configuration exists
Mon Feb 23 00:00:01 UTC 2026: === HEALTH CHECK COMPLETE ===
Mon Feb 23 06:00:01 UTC 2026: === TRADING SYSTEM HEALTH CHECK ===
Mon Feb 23 06:00:01 UTC 2026: ✓ Disk usage: 21% (OK)
Mon Feb 23 06:00:01 UTC 2026: ✓ Log directory size: 6MB (OK)
Mon Feb 23 06:00:01 UTC 2026: ✓ Virtual environment exists
Mon Feb 23 06:00:01 UTC 2026: ✓ .env configuration exists
Mon Feb 23 06:00:01 UTC 2026: === HEALTH CHECK COMPLETE ===
Mon Feb 23 12:00:01 UTC 2026: === TRADING SYSTEM HEALTH CHECK ===
Mon Feb 23 12:00:01 UTC 2026: ✓ Disk usage: 21% (OK)
Mon Feb 23 12:00:01 UTC 2026: ✓ Log directory size: 6MB (OK)
Mon Feb 23 12:00:01 UTC 2026: ✓ Virtual environment exists
Mon Feb 23 12:00:01 UTC 2026: ✓ .env configuration exists
Mon Feb 23 12:00:01 UTC 2026: === HEALTH CHECK COMPLETE ===
Mon Feb 23 18:00:01 UTC 2026: === TRADING SYSTEM HEALTH CHECK ===
Mon Feb 23 18:00:01 UTC 2026: ✓ Morning Execution: Log updated 19 min ago (OK)
Mon Feb 23 18:00:01 UTC 2026: ✓ Position Monitoring: Log updated 4 min ago (OK)
Mon Feb 23 18:00:01 UTC 2026: ⚠ Git Pull: Log is 34259 min old (expected < 480 min)
Mon Feb 23 18:00:01 UTC 2026: ✓ Disk usage: 22% (OK)
Mon Feb 23 18:00:01 UTC 2026: ✓ Log directory size: 6MB (OK)
Mon Feb 23 18:00:01 UTC 2026: ✓ Virtual environment exists
Mon Feb 23 18:00:01 UTC 2026: ✓ .env configuration exists
Mon Feb 23 18:00:01 UTC 2026: === HEALTH CHECK COMPLETE ===
