Sat Mar  7 00:00:01 UTC 2026: === TRADING SYSTEM HEALTH CHECK ===
Sat Mar  7 00:00:01 UTC 2026: Weekend - Trading jobs not scheduled
Sat Mar  7 00:00:01 UTC 2026: ✓ Disk usage: 25% (OK)
Sat Mar  7 00:00:01 UTC 2026: ✓ Log directory size: 11MB (OK)
Sat Mar  7 00:00:01 UTC 2026: ✓ Virtual environment exists
Sat Mar  7 00:00:01 UTC 2026: ✓ .env configuration exists
Sat Mar  7 00:00:01 UTC 2026: === HEALTH CHECK COMPLETE ===
Sat Mar  7 06:00:01 UTC 2026: === TRADING SYSTEM HEALTH CHECK ===
Sat Mar  7 06:00:01 UTC 2026: Weekend - Trading jobs not scheduled
Sat Mar  7 06:00:01 UTC 2026: ✓ Disk usage: 24% (OK)
Sat Mar  7 06:00:01 UTC 2026: ✓ Log directory size: 11MB (OK)
Sat Mar  7 06:00:01 UTC 2026: ✓ Virtual environment exists
Sat Mar  7 06:00:01 UTC 2026: ✓ .env configuration exists
Sat Mar  7 06:00:01 UTC 2026: === HEALTH CHECK COMPLETE ===
Sat Mar  7 12:00:01 UTC 2026: === TRADING SYSTEM HEALTH CHECK ===
Sat Mar  7 12:00:01 UTC 2026: Weekend - Trading jobs not scheduled
Sat Mar  7 12:00:01 UTC 2026: ✓ Disk usage: 24% (OK)
Sat Mar  7 12:00:01 UTC 2026: ✓ Log directory size: 11MB (OK)
Sat Mar  7 12:00:01 UTC 2026: ✓ Virtual environment exists
Sat Mar  7 12:00:01 UTC 2026: ✓ .env configuration exists
Sat Mar  7 12:00:01 UTC 2026: === HEALTH CHECK COMPLETE ===
Sat Mar  7 18:00:01 UTC 2026: === TRADING SYSTEM HEALTH CHECK ===
Sat Mar  7 18:00:01 UTC 2026: Weekend - Trading jobs not scheduled
Sat Mar  7 18:00:01 UTC 2026: ✓ Disk usage: 24% (OK)
Sat Mar  7 18:00:01 UTC 2026: ✓ Log directory size: 11MB (OK)
Sat Mar  7 18:00:01 UTC 2026: ✓ Virtual environment exists
Sat Mar  7 18:00:01 UTC 2026: ✓ .env configuration exists
Sat Mar  7 18:00:01 UTC 2026: === HEALTH CHECK COMPLETE ===
