Thu Mar  5 00:00:01 UTC 2026: === TRADING SYSTEM HEALTH CHECK ===
Thu Mar  5 00:00:01 UTC 2026: ✓ Disk usage: 22% (OK)
Thu Mar  5 00:00:01 UTC 2026: ✓ Log directory size: 10MB (OK)
Thu Mar  5 00:00:01 UTC 2026: ✓ Virtual environment exists
Thu Mar  5 00:00:01 UTC 2026: ✓ .env configuration exists
Thu Mar  5 00:00:01 UTC 2026: === HEALTH CHECK COMPLETE ===
Thu Mar  5 06:00:01 UTC 2026: === TRADING SYSTEM HEALTH CHECK ===
Thu Mar  5 06:00:01 UTC 2026: ✓ Disk usage: 23% (OK)
Thu Mar  5 06:00:01 UTC 2026: ✓ Log directory size: 10MB (OK)
Thu Mar  5 06:00:01 UTC 2026: ✓ Virtual environment exists
Thu Mar  5 06:00:01 UTC 2026: ✓ .env configuration exists
Thu Mar  5 06:00:01 UTC 2026: === HEALTH CHECK COMPLETE ===
Thu Mar  5 12:00:01 UTC 2026: === TRADING SYSTEM HEALTH CHECK ===
Thu Mar  5 12:00:01 UTC 2026: ✓ Disk usage: 24% (OK)
Thu Mar  5 12:00:01 UTC 2026: ✓ Log directory size: 10MB (OK)
Thu Mar  5 12:00:01 UTC 2026: ✓ Virtual environment exists
Thu Mar  5 12:00:01 UTC 2026: ✓ .env configuration exists
Thu Mar  5 12:00:01 UTC 2026: === HEALTH CHECK COMPLETE ===
Thu Mar  5 18:00:01 UTC 2026: === TRADING SYSTEM HEALTH CHECK ===
Thu Mar  5 18:00:01 UTC 2026: ✓ Morning Execution: Log updated 203 min ago (OK)
Thu Mar  5 18:00:02 UTC 2026: ✓ Position Monitoring: Log updated 4 min ago (OK)
Thu Mar  5 18:00:02 UTC 2026: ⚠ Git Pull: Log is 48659 min old (expected < 480 min)
Thu Mar  5 18:00:02 UTC 2026: ✓ Disk usage: 24% (OK)
Thu Mar  5 18:00:02 UTC 2026: ✓ Log directory size: 10MB (OK)
Thu Mar  5 18:00:02 UTC 2026: ✓ Virtual environment exists
Thu Mar  5 18:00:02 UTC 2026: ✓ .env configuration exists
Thu Mar  5 18:00:02 UTC 2026: === HEALTH CHECK COMPLETE ===
