Sun Feb  8 00:00:01 UTC 2026: === TRADING SYSTEM HEALTH CHECK ===
Sun Feb  8 00:00:01 UTC 2026: Weekend - Trading jobs not scheduled
Sun Feb  8 00:00:01 UTC 2026: ✓ Disk usage: 16% (OK)
Sun Feb  8 00:00:01 UTC 2026: ✓ Log directory size: 2MB (OK)
Sun Feb  8 00:00:01 UTC 2026: ✓ Virtual environment exists
Sun Feb  8 00:00:01 UTC 2026: ✓ .env configuration exists
Sun Feb  8 00:00:01 UTC 2026: === HEALTH CHECK COMPLETE ===
Sun Feb  8 06:00:02 UTC 2026: === TRADING SYSTEM HEALTH CHECK ===
Sun Feb  8 06:00:02 UTC 2026: Weekend - Trading jobs not scheduled
Sun Feb  8 06:00:02 UTC 2026: ✓ Disk usage: 17% (OK)
Sun Feb  8 06:00:02 UTC 2026: ✓ Log directory size: 2MB (OK)
Sun Feb  8 06:00:02 UTC 2026: ✓ Virtual environment exists
Sun Feb  8 06:00:02 UTC 2026: ✓ .env configuration exists
Sun Feb  8 06:00:02 UTC 2026: === HEALTH CHECK COMPLETE ===
Sun Feb  8 12:00:01 UTC 2026: === TRADING SYSTEM HEALTH CHECK ===
Sun Feb  8 12:00:01 UTC 2026: Weekend - Trading jobs not scheduled
Sun Feb  8 12:00:01 UTC 2026: ✓ Disk usage: 17% (OK)
Sun Feb  8 12:00:01 UTC 2026: ✓ Log directory size: 2MB (OK)
Sun Feb  8 12:00:01 UTC 2026: ✓ Virtual environment exists
Sun Feb  8 12:00:01 UTC 2026: ✓ .env configuration exists
Sun Feb  8 12:00:01 UTC 2026: === HEALTH CHECK COMPLETE ===
Sun Feb  8 18:00:01 UTC 2026: === TRADING SYSTEM HEALTH CHECK ===
Sun Feb  8 18:00:01 UTC 2026: Weekend - Trading jobs not scheduled
Sun Feb  8 18:00:01 UTC 2026: ✓ Disk usage: 17% (OK)
Sun Feb  8 18:00:01 UTC 2026: ✓ Log directory size: 2MB (OK)
Sun Feb  8 18:00:01 UTC 2026: ✓ Virtual environment exists
Sun Feb  8 18:00:01 UTC 2026: ✓ .env configuration exists
Sun Feb  8 18:00:01 UTC 2026: === HEALTH CHECK COMPLETE ===
