Sun Feb  1 00:00:01 UTC 2026: No trading processes found
Sun Feb  1 01:09:17 UTC 2026: === TRADING SYSTEM HEALTH CHECK ===
Sun Feb  1 01:09:17 UTC 2026: Weekend - Trading jobs not scheduled
Sun Feb  1 01:09:17 UTC 2026: ✓ Disk usage: 13% (OK)
Sun Feb  1 01:09:17 UTC 2026: ✓ Log directory size: 1MB (OK)
Sun Feb  1 01:09:17 UTC 2026: ✓ Virtual environment exists
Sun Feb  1 01:09:17 UTC 2026: ✓ .env configuration exists
Sun Feb  1 01:09:17 UTC 2026: === HEALTH CHECK COMPLETE ===
Sun Feb  1 06:00:01 UTC 2026: === TRADING SYSTEM HEALTH CHECK ===
Sun Feb  1 06:00:01 UTC 2026: Weekend - Trading jobs not scheduled
Sun Feb  1 06:00:01 UTC 2026: ✓ Disk usage: 13% (OK)
Sun Feb  1 06:00:01 UTC 2026: ✓ Log directory size: 1MB (OK)
Sun Feb  1 06:00:01 UTC 2026: ✓ Virtual environment exists
Sun Feb  1 06:00:01 UTC 2026: ✓ .env configuration exists
Sun Feb  1 06:00:01 UTC 2026: === HEALTH CHECK COMPLETE ===
Sun Feb  1 12:00:01 UTC 2026: === TRADING SYSTEM HEALTH CHECK ===
Sun Feb  1 12:00:01 UTC 2026: Weekend - Trading jobs not scheduled
Sun Feb  1 12:00:01 UTC 2026: ✓ Disk usage: 13% (OK)
Sun Feb  1 12:00:01 UTC 2026: ✓ Log directory size: 1MB (OK)
Sun Feb  1 12:00:01 UTC 2026: ✓ Virtual environment exists
Sun Feb  1 12:00:01 UTC 2026: ✓ .env configuration exists
Sun Feb  1 12:00:01 UTC 2026: === HEALTH CHECK COMPLETE ===
Sun Feb  1 18:00:01 UTC 2026: === TRADING SYSTEM HEALTH CHECK ===
Sun Feb  1 18:00:01 UTC 2026: Weekend - Trading jobs not scheduled
Sun Feb  1 18:00:01 UTC 2026: ✓ Disk usage: 13% (OK)
Sun Feb  1 18:00:01 UTC 2026: ✓ Log directory size: 1MB (OK)
Sun Feb  1 18:00:01 UTC 2026: ✓ Virtual environment exists
Sun Feb  1 18:00:01 UTC 2026: ✓ .env configuration exists
Sun Feb  1 18:00:01 UTC 2026: === HEALTH CHECK COMPLETE ===
