Thu Feb 26 00:00:01 UTC 2026: === TRADING SYSTEM HEALTH CHECK ===
Thu Feb 26 00:00:01 UTC 2026: ✓ Disk usage: 23% (OK)
Thu Feb 26 00:00:01 UTC 2026: ✓ Log directory size: 7MB (OK)
Thu Feb 26 00:00:01 UTC 2026: ✓ Virtual environment exists
Thu Feb 26 00:00:01 UTC 2026: ✓ .env configuration exists
Thu Feb 26 00:00:01 UTC 2026: === HEALTH CHECK COMPLETE ===
Thu Feb 26 06:00:01 UTC 2026: === TRADING SYSTEM HEALTH CHECK ===
Thu Feb 26 06:00:01 UTC 2026: ✓ Disk usage: 23% (OK)
Thu Feb 26 06:00:01 UTC 2026: ✓ Log directory size: 7MB (OK)
Thu Feb 26 06:00:01 UTC 2026: ✓ Virtual environment exists
Thu Feb 26 06:00:01 UTC 2026: ✓ .env configuration exists
Thu Feb 26 06:00:01 UTC 2026: === HEALTH CHECK COMPLETE ===
Thu Feb 26 12:00:01 UTC 2026: === TRADING SYSTEM HEALTH CHECK ===
Thu Feb 26 12:00:01 UTC 2026: ✓ Disk usage: 23% (OK)
Thu Feb 26 12:00:01 UTC 2026: ✓ Log directory size: 7MB (OK)
Thu Feb 26 12:00:01 UTC 2026: ✓ Virtual environment exists
Thu Feb 26 12:00:01 UTC 2026: ✓ .env configuration exists
Thu Feb 26 12:00:01 UTC 2026: === HEALTH CHECK COMPLETE ===
Thu Feb 26 18:00:01 UTC 2026: === TRADING SYSTEM HEALTH CHECK ===
Thu Feb 26 18:00:01 UTC 2026: ✓ Morning Execution: Log updated 203 min ago (OK)
Thu Feb 26 18:00:01 UTC 2026: ✓ Position Monitoring: Log updated 4 min ago (OK)
Thu Feb 26 18:00:01 UTC 2026: ⚠ Git Pull: Log is 38579 min old (expected < 480 min)
Thu Feb 26 18:00:01 UTC 2026: ✓ Disk usage: 23% (OK)
Thu Feb 26 18:00:01 UTC 2026: ✓ Log directory size: 7MB (OK)
Thu Feb 26 18:00:01 UTC 2026: ✓ Virtual environment exists
Thu Feb 26 18:00:01 UTC 2026: ✓ .env configuration exists
Thu Feb 26 18:00:01 UTC 2026: === HEALTH CHECK COMPLETE ===
