Tue Mar  3 00:00:01 UTC 2026: === TRADING SYSTEM HEALTH CHECK ===
Tue Mar  3 00:00:01 UTC 2026: ✓ Disk usage: 23% (OK)
Tue Mar  3 00:00:01 UTC 2026: ✓ Log directory size: 9MB (OK)
Tue Mar  3 00:00:01 UTC 2026: ✓ Virtual environment exists
Tue Mar  3 00:00:01 UTC 2026: ✓ .env configuration exists
Tue Mar  3 00:00:01 UTC 2026: === HEALTH CHECK COMPLETE ===
Tue Mar  3 06:00:01 UTC 2026: === TRADING SYSTEM HEALTH CHECK ===
Tue Mar  3 06:00:01 UTC 2026: ✓ Disk usage: 23% (OK)
Tue Mar  3 06:00:01 UTC 2026: ✓ Log directory size: 9MB (OK)
Tue Mar  3 06:00:01 UTC 2026: ✓ Virtual environment exists
Tue Mar  3 06:00:01 UTC 2026: ✓ .env configuration exists
Tue Mar  3 06:00:01 UTC 2026: === HEALTH CHECK COMPLETE ===
Tue Mar  3 12:00:01 UTC 2026: === TRADING SYSTEM HEALTH CHECK ===
Tue Mar  3 12:00:01 UTC 2026: ✓ Disk usage: 23% (OK)
Tue Mar  3 12:00:01 UTC 2026: ✓ Log directory size: 9MB (OK)
Tue Mar  3 12:00:01 UTC 2026: ✓ Virtual environment exists
Tue Mar  3 12:00:01 UTC 2026: ✓ .env configuration exists
Tue Mar  3 12:00:01 UTC 2026: === HEALTH CHECK COMPLETE ===
Tue Mar  3 18:00:01 UTC 2026: === TRADING SYSTEM HEALTH CHECK ===
Tue Mar  3 18:00:01 UTC 2026: ✓ Morning Execution: Log updated 203 min ago (OK)
Tue Mar  3 18:00:01 UTC 2026: ✓ Position Monitoring: Log updated 4 min ago (OK)
Tue Mar  3 18:00:01 UTC 2026: ⚠ Git Pull: Log is 45779 min old (expected < 480 min)
Tue Mar  3 18:00:01 UTC 2026: ✓ Disk usage: 23% (OK)
Tue Mar  3 18:00:01 UTC 2026: ✓ Log directory size: 9MB (OK)
Tue Mar  3 18:00:01 UTC 2026: ✓ Virtual environment exists
Tue Mar  3 18:00:01 UTC 2026: ✓ .env configuration exists
Tue Mar  3 18:00:01 UTC 2026: === HEALTH CHECK COMPLETE ===
