Wed Feb  4 00:00:01 UTC 2026: === TRADING SYSTEM HEALTH CHECK ===
Wed Feb  4 00:00:01 UTC 2026: ✓ Disk usage: 15% (OK)
Wed Feb  4 00:00:01 UTC 2026: ✓ Log directory size: 1MB (OK)
Wed Feb  4 00:00:01 UTC 2026: ✓ Virtual environment exists
Wed Feb  4 00:00:01 UTC 2026: ✓ .env configuration exists
Wed Feb  4 00:00:01 UTC 2026: === HEALTH CHECK COMPLETE ===
Wed Feb  4 06:00:01 UTC 2026: === TRADING SYSTEM HEALTH CHECK ===
Wed Feb  4 06:00:01 UTC 2026: ✓ Disk usage: 15% (OK)
Wed Feb  4 06:00:01 UTC 2026: ✓ Log directory size: 1MB (OK)
Wed Feb  4 06:00:01 UTC 2026: ✓ Virtual environment exists
Wed Feb  4 06:00:01 UTC 2026: ✓ .env configuration exists
Wed Feb  4 06:00:01 UTC 2026: === HEALTH CHECK COMPLETE ===
Wed Feb  4 12:00:01 UTC 2026: === TRADING SYSTEM HEALTH CHECK ===
Wed Feb  4 12:00:01 UTC 2026: ✓ Disk usage: 15% (OK)
Wed Feb  4 12:00:01 UTC 2026: ✓ Log directory size: 1MB (OK)
Wed Feb  4 12:00:01 UTC 2026: ✓ Virtual environment exists
Wed Feb  4 12:00:01 UTC 2026: ✓ .env configuration exists
Wed Feb  4 12:00:01 UTC 2026: === HEALTH CHECK COMPLETE ===
Wed Feb  4 18:00:02 UTC 2026: === TRADING SYSTEM HEALTH CHECK ===
Wed Feb  4 18:00:02 UTC 2026: ✓ Morning Execution: Log updated 203 min ago (OK)
Wed Feb  4 18:00:02 UTC 2026: ✓ Position Monitoring: Log updated 4 min ago (OK)
Wed Feb  4 18:00:02 UTC 2026: ⚠ Git Pull: Log is 6899 min old (expected < 480 min)
Wed Feb  4 18:00:02 UTC 2026: ✓ Disk usage: 16% (OK)
Wed Feb  4 18:00:02 UTC 2026: ✓ Log directory size: 1MB (OK)
Wed Feb  4 18:00:02 UTC 2026: ✓ Virtual environment exists
Wed Feb  4 18:00:02 UTC 2026: ✓ .env configuration exists
Wed Feb  4 18:00:02 UTC 2026: === HEALTH CHECK COMPLETE ===
