Tue Feb 10 00:00:01 UTC 2026: === TRADING SYSTEM HEALTH CHECK ===
Tue Feb 10 00:00:01 UTC 2026: ✓ Disk usage: 18% (OK)
Tue Feb 10 00:00:01 UTC 2026: ✓ Log directory size: 3MB (OK)
Tue Feb 10 00:00:01 UTC 2026: ✓ Virtual environment exists
Tue Feb 10 00:00:01 UTC 2026: ✓ .env configuration exists
Tue Feb 10 00:00:01 UTC 2026: === HEALTH CHECK COMPLETE ===
Tue Feb 10 06:00:01 UTC 2026: === TRADING SYSTEM HEALTH CHECK ===
Tue Feb 10 06:00:01 UTC 2026: ✓ Disk usage: 18% (OK)
Tue Feb 10 06:00:01 UTC 2026: ✓ Log directory size: 3MB (OK)
Tue Feb 10 06:00:01 UTC 2026: ✓ Virtual environment exists
Tue Feb 10 06:00:01 UTC 2026: ✓ .env configuration exists
Tue Feb 10 06:00:01 UTC 2026: === HEALTH CHECK COMPLETE ===
Tue Feb 10 12:00:01 UTC 2026: === TRADING SYSTEM HEALTH CHECK ===
Tue Feb 10 12:00:01 UTC 2026: ✓ Disk usage: 18% (OK)
Tue Feb 10 12:00:01 UTC 2026: ✓ Log directory size: 3MB (OK)
Tue Feb 10 12:00:01 UTC 2026: ✓ Virtual environment exists
Tue Feb 10 12:00:01 UTC 2026: ✓ .env configuration exists
Tue Feb 10 12:00:01 UTC 2026: === HEALTH CHECK COMPLETE ===
Tue Feb 10 18:00:01 UTC 2026: === TRADING SYSTEM HEALTH CHECK ===
Tue Feb 10 18:00:01 UTC 2026: ✓ Morning Execution: Log updated 203 min ago (OK)
Tue Feb 10 18:00:01 UTC 2026: ✓ Position Monitoring: Log updated 4 min ago (OK)
Tue Feb 10 18:00:01 UTC 2026: ⚠ Git Pull: Log is 15539 min old (expected < 480 min)
Tue Feb 10 18:00:01 UTC 2026: ✓ Disk usage: 17% (OK)
Tue Feb 10 18:00:01 UTC 2026: ✓ Log directory size: 3MB (OK)
Tue Feb 10 18:00:01 UTC 2026: ✓ Virtual environment exists
Tue Feb 10 18:00:01 UTC 2026: ✓ .env configuration exists
Tue Feb 10 18:00:01 UTC 2026: === HEALTH CHECK COMPLETE ===
