Fri Feb 13 00:00:01 UTC 2026: === TRADING SYSTEM HEALTH CHECK ===
Fri Feb 13 00:00:01 UTC 2026: ✓ Disk usage: 18% (OK)
Fri Feb 13 00:00:01 UTC 2026: ✓ Log directory size: 4MB (OK)
Fri Feb 13 00:00:01 UTC 2026: ✓ Virtual environment exists
Fri Feb 13 00:00:01 UTC 2026: ✓ .env configuration exists
Fri Feb 13 00:00:01 UTC 2026: === HEALTH CHECK COMPLETE ===
Fri Feb 13 06:00:01 UTC 2026: === TRADING SYSTEM HEALTH CHECK ===
Fri Feb 13 06:00:01 UTC 2026: ✓ Disk usage: 18% (OK)
Fri Feb 13 06:00:01 UTC 2026: ✓ Log directory size: 4MB (OK)
Fri Feb 13 06:00:01 UTC 2026: ✓ Virtual environment exists
Fri Feb 13 06:00:01 UTC 2026: ✓ .env configuration exists
Fri Feb 13 06:00:01 UTC 2026: === HEALTH CHECK COMPLETE ===
Fri Feb 13 12:00:02 UTC 2026: === TRADING SYSTEM HEALTH CHECK ===
Fri Feb 13 12:00:02 UTC 2026: ✓ Disk usage: 17% (OK)
Fri Feb 13 12:00:02 UTC 2026: ✓ Log directory size: 4MB (OK)
Fri Feb 13 12:00:02 UTC 2026: ✓ Virtual environment exists
Fri Feb 13 12:00:02 UTC 2026: ✓ .env configuration exists
Fri Feb 13 12:00:02 UTC 2026: === HEALTH CHECK COMPLETE ===
Fri Feb 13 18:00:01 UTC 2026: === TRADING SYSTEM HEALTH CHECK ===
Fri Feb 13 18:00:01 UTC 2026: ✓ Morning Execution: Log updated 203 min ago (OK)
Fri Feb 13 18:00:01 UTC 2026: ✓ Position Monitoring: Log updated 4 min ago (OK)
Fri Feb 13 18:00:01 UTC 2026: ⚠ Git Pull: Log is 19859 min old (expected < 480 min)
Fri Feb 13 18:00:01 UTC 2026: ✓ Disk usage: 19% (OK)
Fri Feb 13 18:00:01 UTC 2026: ✓ Log directory size: 4MB (OK)
Fri Feb 13 18:00:01 UTC 2026: ✓ Virtual environment exists
Fri Feb 13 18:00:01 UTC 2026: ✓ .env configuration exists
Fri Feb 13 18:00:01 UTC 2026: === HEALTH CHECK COMPLETE ===
