Fri Feb 20 00:00:01 UTC 2026: === TRADING SYSTEM HEALTH CHECK ===
Fri Feb 20 00:00:01 UTC 2026: ✓ Disk usage: 20% (OK)
Fri Feb 20 00:00:01 UTC 2026: ✓ Log directory size: 6MB (OK)
Fri Feb 20 00:00:01 UTC 2026: ✓ Virtual environment exists
Fri Feb 20 00:00:01 UTC 2026: ✓ .env configuration exists
Fri Feb 20 00:00:01 UTC 2026: === HEALTH CHECK COMPLETE ===
Fri Feb 20 06:00:01 UTC 2026: === TRADING SYSTEM HEALTH CHECK ===
Fri Feb 20 06:00:01 UTC 2026: ✓ Disk usage: 20% (OK)
Fri Feb 20 06:00:01 UTC 2026: ✓ Log directory size: 6MB (OK)
Fri Feb 20 06:00:01 UTC 2026: ✓ Virtual environment exists
Fri Feb 20 06:00:01 UTC 2026: ✓ .env configuration exists
Fri Feb 20 06:00:01 UTC 2026: === HEALTH CHECK COMPLETE ===
Fri Feb 20 12:00:01 UTC 2026: === TRADING SYSTEM HEALTH CHECK ===
Fri Feb 20 12:00:01 UTC 2026: ✓ Disk usage: 20% (OK)
Fri Feb 20 12:00:02 UTC 2026: ✓ Log directory size: 6MB (OK)
Fri Feb 20 12:00:02 UTC 2026: ✓ Virtual environment exists
Fri Feb 20 12:00:02 UTC 2026: ✓ .env configuration exists
Fri Feb 20 12:00:02 UTC 2026: === HEALTH CHECK COMPLETE ===
Fri Feb 20 18:00:01 UTC 2026: === TRADING SYSTEM HEALTH CHECK ===
Fri Feb 20 18:00:01 UTC 2026: ✓ Morning Execution: Log updated 91 min ago (OK)
Fri Feb 20 18:00:01 UTC 2026: ✓ Position Monitoring: Log updated 4 min ago (OK)
Fri Feb 20 18:00:01 UTC 2026: ⚠ Git Pull: Log is 29939 min old (expected < 480 min)
Fri Feb 20 18:00:01 UTC 2026: ✓ Disk usage: 20% (OK)
Fri Feb 20 18:00:01 UTC 2026: ✓ Log directory size: 6MB (OK)
Fri Feb 20 18:00:01 UTC 2026: ✓ Virtual environment exists
Fri Feb 20 18:00:02 UTC 2026: ✓ .env configuration exists
Fri Feb 20 18:00:02 UTC 2026: === HEALTH CHECK COMPLETE ===
