Sun Feb 15 00:00:01 UTC 2026: === TRADING SYSTEM HEALTH CHECK ===
Sun Feb 15 00:00:01 UTC 2026: Weekend - Trading jobs not scheduled
Sun Feb 15 00:00:01 UTC 2026: ✓ Disk usage: 19% (OK)
Sun Feb 15 00:00:01 UTC 2026: ✓ Log directory size: 4MB (OK)
Sun Feb 15 00:00:01 UTC 2026: ✓ Virtual environment exists
Sun Feb 15 00:00:01 UTC 2026: ✓ .env configuration exists
Sun Feb 15 00:00:01 UTC 2026: === HEALTH CHECK COMPLETE ===
Sun Feb 15 06:00:01 UTC 2026: === TRADING SYSTEM HEALTH CHECK ===
Sun Feb 15 06:00:01 UTC 2026: Weekend - Trading jobs not scheduled
Sun Feb 15 06:00:01 UTC 2026: ✓ Disk usage: 19% (OK)
Sun Feb 15 06:00:02 UTC 2026: ✓ Log directory size: 4MB (OK)
Sun Feb 15 06:00:02 UTC 2026: ✓ Virtual environment exists
Sun Feb 15 06:00:02 UTC 2026: ✓ .env configuration exists
Sun Feb 15 06:00:02 UTC 2026: === HEALTH CHECK COMPLETE ===
Sun Feb 15 12:00:01 UTC 2026: === TRADING SYSTEM HEALTH CHECK ===
Sun Feb 15 12:00:01 UTC 2026: Weekend - Trading jobs not scheduled
Sun Feb 15 12:00:01 UTC 2026: ✓ Disk usage: 19% (OK)
Sun Feb 15 12:00:01 UTC 2026: ✓ Log directory size: 4MB (OK)
Sun Feb 15 12:00:01 UTC 2026: ✓ Virtual environment exists
Sun Feb 15 12:00:01 UTC 2026: ✓ .env configuration exists
Sun Feb 15 12:00:01 UTC 2026: === HEALTH CHECK COMPLETE ===
Sun Feb 15 18:00:01 UTC 2026: === TRADING SYSTEM HEALTH CHECK ===
Sun Feb 15 18:00:01 UTC 2026: Weekend - Trading jobs not scheduled
Sun Feb 15 18:00:01 UTC 2026: ✓ Disk usage: 19% (OK)
Sun Feb 15 18:00:01 UTC 2026: ✓ Log directory size: 4MB (OK)
Sun Feb 15 18:00:01 UTC 2026: ✓ Virtual environment exists
Sun Feb 15 18:00:01 UTC 2026: ✓ .env configuration exists
Sun Feb 15 18:00:01 UTC 2026: === HEALTH CHECK COMPLETE ===
