Sat Feb 28 00:00:01 UTC 2026: === TRADING SYSTEM HEALTH CHECK ===
Sat Feb 28 00:00:01 UTC 2026: Weekend - Trading jobs not scheduled
Sat Feb 28 00:00:01 UTC 2026: ✓ Disk usage: 23% (OK)
Sat Feb 28 00:00:01 UTC 2026: ✓ Log directory size: 8MB (OK)
Sat Feb 28 00:00:01 UTC 2026: ✓ Virtual environment exists
Sat Feb 28 00:00:01 UTC 2026: ✓ .env configuration exists
Sat Feb 28 00:00:01 UTC 2026: === HEALTH CHECK COMPLETE ===
Sat Feb 28 06:00:01 UTC 2026: === TRADING SYSTEM HEALTH CHECK ===
Sat Feb 28 06:00:01 UTC 2026: Weekend - Trading jobs not scheduled
Sat Feb 28 06:00:01 UTC 2026: ✓ Disk usage: 23% (OK)
Sat Feb 28 06:00:01 UTC 2026: ✓ Log directory size: 8MB (OK)
Sat Feb 28 06:00:01 UTC 2026: ✓ Virtual environment exists
Sat Feb 28 06:00:01 UTC 2026: ✓ .env configuration exists
Sat Feb 28 06:00:01 UTC 2026: === HEALTH CHECK COMPLETE ===
Sat Feb 28 12:00:01 UTC 2026: === TRADING SYSTEM HEALTH CHECK ===
Sat Feb 28 12:00:01 UTC 2026: Weekend - Trading jobs not scheduled
Sat Feb 28 12:00:01 UTC 2026: ✓ Disk usage: 23% (OK)
Sat Feb 28 12:00:01 UTC 2026: ✓ Log directory size: 8MB (OK)
Sat Feb 28 12:00:02 UTC 2026: ✓ Virtual environment exists
Sat Feb 28 12:00:02 UTC 2026: ✓ .env configuration exists
Sat Feb 28 12:00:02 UTC 2026: === HEALTH CHECK COMPLETE ===
Sat Feb 28 18:00:01 UTC 2026: === TRADING SYSTEM HEALTH CHECK ===
Sat Feb 28 18:00:01 UTC 2026: Weekend - Trading jobs not scheduled
Sat Feb 28 18:00:01 UTC 2026: ✓ Disk usage: 24% (OK)
Sat Feb 28 18:00:01 UTC 2026: ✓ Log directory size: 8MB (OK)
Sat Feb 28 18:00:01 UTC 2026: ✓ Virtual environment exists
Sat Feb 28 18:00:01 UTC 2026: ✓ .env configuration exists
Sat Feb 28 18:00:01 UTC 2026: === HEALTH CHECK COMPLETE ===
