Mon Feb 16 00:00:01 UTC 2026: === TRADING SYSTEM HEALTH CHECK ===
Mon Feb 16 00:00:01 UTC 2026: ✓ Disk usage: 19% (OK)
Mon Feb 16 00:00:02 UTC 2026: ✓ Log directory size: 4MB (OK)
Mon Feb 16 00:00:02 UTC 2026: ✓ Virtual environment exists
Mon Feb 16 00:00:02 UTC 2026: ✓ .env configuration exists
Mon Feb 16 00:00:02 UTC 2026: === HEALTH CHECK COMPLETE ===
Mon Feb 16 06:00:01 UTC 2026: === TRADING SYSTEM HEALTH CHECK ===
Mon Feb 16 06:00:01 UTC 2026: ✓ Disk usage: 18% (OK)
Mon Feb 16 06:00:01 UTC 2026: ✓ Log directory size: 4MB (OK)
Mon Feb 16 06:00:01 UTC 2026: ✓ Virtual environment exists
Mon Feb 16 06:00:01 UTC 2026: ✓ .env configuration exists
Mon Feb 16 06:00:01 UTC 2026: === HEALTH CHECK COMPLETE ===
Mon Feb 16 12:00:01 UTC 2026: === TRADING SYSTEM HEALTH CHECK ===
Mon Feb 16 12:00:01 UTC 2026: ✓ Disk usage: 18% (OK)
Mon Feb 16 12:00:01 UTC 2026: ✓ Log directory size: 4MB (OK)
Mon Feb 16 12:00:01 UTC 2026: ✓ Virtual environment exists
Mon Feb 16 12:00:01 UTC 2026: ✓ .env configuration exists
Mon Feb 16 12:00:01 UTC 2026: === HEALTH CHECK COMPLETE ===
Mon Feb 16 18:00:01 UTC 2026: === TRADING SYSTEM HEALTH CHECK ===
Mon Feb 16 18:00:02 UTC 2026: ✓ Morning Execution: Log updated 203 min ago (OK)
Mon Feb 16 18:00:02 UTC 2026: ✓ Position Monitoring: Log updated 4 min ago (OK)
Mon Feb 16 18:00:02 UTC 2026: ⚠ Git Pull: Log is 24179 min old (expected < 480 min)
Mon Feb 16 18:00:02 UTC 2026: ✓ Disk usage: 18% (OK)
Mon Feb 16 18:00:02 UTC 2026: ✓ Log directory size: 5MB (OK)
Mon Feb 16 18:00:02 UTC 2026: ✓ Virtual environment exists
Mon Feb 16 18:00:02 UTC 2026: ✓ .env configuration exists
Mon Feb 16 18:00:02 UTC 2026: === HEALTH CHECK COMPLETE ===
