Wed Feb 11 00:00:01 UTC 2026: === TRADING SYSTEM HEALTH CHECK ===
Wed Feb 11 00:00:01 UTC 2026: ✓ Disk usage: 17% (OK)
Wed Feb 11 00:00:01 UTC 2026: ✓ Log directory size: 3MB (OK)
Wed Feb 11 00:00:01 UTC 2026: ✓ Virtual environment exists
Wed Feb 11 00:00:01 UTC 2026: ✓ .env configuration exists
Wed Feb 11 00:00:01 UTC 2026: === HEALTH CHECK COMPLETE ===
Wed Feb 11 06:00:01 UTC 2026: === TRADING SYSTEM HEALTH CHECK ===
Wed Feb 11 06:00:01 UTC 2026: ✓ Disk usage: 17% (OK)
Wed Feb 11 06:00:01 UTC 2026: ✓ Log directory size: 3MB (OK)
Wed Feb 11 06:00:01 UTC 2026: ✓ Virtual environment exists
Wed Feb 11 06:00:01 UTC 2026: ✓ .env configuration exists
Wed Feb 11 06:00:01 UTC 2026: === HEALTH CHECK COMPLETE ===
Wed Feb 11 12:00:01 UTC 2026: === TRADING SYSTEM HEALTH CHECK ===
Wed Feb 11 12:00:01 UTC 2026: ✓ Disk usage: 17% (OK)
Wed Feb 11 12:00:01 UTC 2026: ✓ Log directory size: 3MB (OK)
Wed Feb 11 12:00:01 UTC 2026: ✓ Virtual environment exists
Wed Feb 11 12:00:01 UTC 2026: ✓ .env configuration exists
Wed Feb 11 12:00:01 UTC 2026: === HEALTH CHECK COMPLETE ===
Wed Feb 11 18:00:01 UTC 2026: === TRADING SYSTEM HEALTH CHECK ===
Wed Feb 11 18:00:01 UTC 2026: ✓ Morning Execution: Log updated 203 min ago (OK)
Wed Feb 11 18:00:01 UTC 2026: ✓ Position Monitoring: Log updated 4 min ago (OK)
Wed Feb 11 18:00:01 UTC 2026: ⚠ Git Pull: Log is 16979 min old (expected < 480 min)
Wed Feb 11 18:00:01 UTC 2026: ✓ Disk usage: 17% (OK)
Wed Feb 11 18:00:01 UTC 2026: ✓ Log directory size: 3MB (OK)
Wed Feb 11 18:00:01 UTC 2026: ✓ Virtual environment exists
Wed Feb 11 18:00:01 UTC 2026: ✓ .env configuration exists
Wed Feb 11 18:00:01 UTC 2026: === HEALTH CHECK COMPLETE ===
