Sat Feb 14 00:00:01 UTC 2026: === TRADING SYSTEM HEALTH CHECK ===
Sat Feb 14 00:00:01 UTC 2026: Weekend - Trading jobs not scheduled
Sat Feb 14 00:00:01 UTC 2026: ✓ Disk usage: 19% (OK)
Sat Feb 14 00:00:01 UTC 2026: ✓ Log directory size: 4MB (OK)
Sat Feb 14 00:00:01 UTC 2026: ✓ Virtual environment exists
Sat Feb 14 00:00:01 UTC 2026: ✓ .env configuration exists
Sat Feb 14 00:00:01 UTC 2026: === HEALTH CHECK COMPLETE ===
Sat Feb 14 06:00:01 UTC 2026: === TRADING SYSTEM HEALTH CHECK ===
Sat Feb 14 06:00:01 UTC 2026: Weekend - Trading jobs not scheduled
Sat Feb 14 06:00:01 UTC 2026: ✓ Disk usage: 19% (OK)
Sat Feb 14 06:00:01 UTC 2026: ✓ Log directory size: 4MB (OK)
Sat Feb 14 06:00:01 UTC 2026: ✓ Virtual environment exists
Sat Feb 14 06:00:01 UTC 2026: ✓ .env configuration exists
Sat Feb 14 06:00:01 UTC 2026: === HEALTH CHECK COMPLETE ===
Sat Feb 14 12:00:01 UTC 2026: === TRADING SYSTEM HEALTH CHECK ===
Sat Feb 14 12:00:01 UTC 2026: Weekend - Trading jobs not scheduled
Sat Feb 14 12:00:01 UTC 2026: ✓ Disk usage: 19% (OK)
Sat Feb 14 12:00:01 UTC 2026: ✓ Log directory size: 4MB (OK)
Sat Feb 14 12:00:01 UTC 2026: ✓ Virtual environment exists
Sat Feb 14 12:00:01 UTC 2026: ✓ .env configuration exists
Sat Feb 14 12:00:01 UTC 2026: === HEALTH CHECK COMPLETE ===
Sat Feb 14 18:00:01 UTC 2026: === TRADING SYSTEM HEALTH CHECK ===
Sat Feb 14 18:00:01 UTC 2026: Weekend - Trading jobs not scheduled
Sat Feb 14 18:00:01 UTC 2026: ✓ Disk usage: 19% (OK)
Sat Feb 14 18:00:01 UTC 2026: ✓ Log directory size: 4MB (OK)
Sat Feb 14 18:00:01 UTC 2026: ✓ Virtual environment exists
Sat Feb 14 18:00:01 UTC 2026: ✓ .env configuration exists
Sat Feb 14 18:00:01 UTC 2026: === HEALTH CHECK COMPLETE ===
