Wed Mar  4 00:00:01 UTC 2026: === TRADING SYSTEM HEALTH CHECK ===
Wed Mar  4 00:00:01 UTC 2026: ✓ Disk usage: 23% (OK)
Wed Mar  4 00:00:01 UTC 2026: ✓ Log directory size: 9MB (OK)
Wed Mar  4 00:00:01 UTC 2026: ✓ Virtual environment exists
Wed Mar  4 00:00:01 UTC 2026: ✓ .env configuration exists
Wed Mar  4 00:00:01 UTC 2026: === HEALTH CHECK COMPLETE ===
Wed Mar  4 06:00:02 UTC 2026: === TRADING SYSTEM HEALTH CHECK ===
Wed Mar  4 06:00:02 UTC 2026: ✓ Disk usage: 23% (OK)
Wed Mar  4 06:00:02 UTC 2026: ✓ Log directory size: 9MB (OK)
Wed Mar  4 06:00:02 UTC 2026: ✓ Virtual environment exists
Wed Mar  4 06:00:02 UTC 2026: ✓ .env configuration exists
Wed Mar  4 06:00:02 UTC 2026: === HEALTH CHECK COMPLETE ===
Wed Mar  4 12:00:01 UTC 2026: === TRADING SYSTEM HEALTH CHECK ===
Wed Mar  4 12:00:01 UTC 2026: ✓ Disk usage: 22% (OK)
Wed Mar  4 12:00:01 UTC 2026: ✓ Log directory size: 9MB (OK)
Wed Mar  4 12:00:01 UTC 2026: ✓ Virtual environment exists
Wed Mar  4 12:00:01 UTC 2026: ✓ .env configuration exists
Wed Mar  4 12:00:01 UTC 2026: === HEALTH CHECK COMPLETE ===
Wed Mar  4 18:00:01 UTC 2026: === TRADING SYSTEM HEALTH CHECK ===
Wed Mar  4 18:00:01 UTC 2026: ✓ Morning Execution: Log updated 203 min ago (OK)
Wed Mar  4 18:00:01 UTC 2026: ✓ Position Monitoring: Log updated 4 min ago (OK)
Wed Mar  4 18:00:01 UTC 2026: ⚠ Git Pull: Log is 47219 min old (expected < 480 min)
Wed Mar  4 18:00:01 UTC 2026: ✓ Disk usage: 22% (OK)
Wed Mar  4 18:00:01 UTC 2026: ✓ Log directory size: 9MB (OK)
Wed Mar  4 18:00:01 UTC 2026: ✓ Virtual environment exists
Wed Mar  4 18:00:01 UTC 2026: ✓ .env configuration exists
Wed Mar  4 18:00:01 UTC 2026: === HEALTH CHECK COMPLETE ===
