Sat Feb  7 00:00:02 UTC 2026: === TRADING SYSTEM HEALTH CHECK ===
Sat Feb  7 00:00:02 UTC 2026: Weekend - Trading jobs not scheduled
Sat Feb  7 00:00:02 UTC 2026: ✓ Disk usage: 17% (OK)
Sat Feb  7 00:00:02 UTC 2026: ✓ Log directory size: 2MB (OK)
Sat Feb  7 00:00:02 UTC 2026: ✓ Virtual environment exists
Sat Feb  7 00:00:02 UTC 2026: ✓ .env configuration exists
Sat Feb  7 00:00:02 UTC 2026: === HEALTH CHECK COMPLETE ===
Sat Feb  7 06:00:01 UTC 2026: === TRADING SYSTEM HEALTH CHECK ===
Sat Feb  7 06:00:01 UTC 2026: Weekend - Trading jobs not scheduled
Sat Feb  7 06:00:01 UTC 2026: ✓ Disk usage: 17% (OK)
Sat Feb  7 06:00:01 UTC 2026: ✓ Log directory size: 2MB (OK)
Sat Feb  7 06:00:01 UTC 2026: ✓ Virtual environment exists
Sat Feb  7 06:00:01 UTC 2026: ✓ .env configuration exists
Sat Feb  7 06:00:01 UTC 2026: === HEALTH CHECK COMPLETE ===
Sat Feb  7 12:00:01 UTC 2026: === TRADING SYSTEM HEALTH CHECK ===
Sat Feb  7 12:00:01 UTC 2026: Weekend - Trading jobs not scheduled
Sat Feb  7 12:00:01 UTC 2026: ✓ Disk usage: 18% (OK)
Sat Feb  7 12:00:01 UTC 2026: ✓ Log directory size: 2MB (OK)
Sat Feb  7 12:00:01 UTC 2026: ✓ Virtual environment exists
Sat Feb  7 12:00:01 UTC 2026: ✓ .env configuration exists
Sat Feb  7 12:00:01 UTC 2026: === HEALTH CHECK COMPLETE ===
Sat Feb  7 18:00:01 UTC 2026: === TRADING SYSTEM HEALTH CHECK ===
Sat Feb  7 18:00:01 UTC 2026: Weekend - Trading jobs not scheduled
Sat Feb  7 18:00:01 UTC 2026: ✓ Disk usage: 18% (OK)
Sat Feb  7 18:00:01 UTC 2026: ✓ Log directory size: 2MB (OK)
Sat Feb  7 18:00:01 UTC 2026: ✓ Virtual environment exists
Sat Feb  7 18:00:01 UTC 2026: ✓ .env configuration exists
Sat Feb  7 18:00:01 UTC 2026: === HEALTH CHECK COMPLETE ===
