2026-02-13 14:36:05,536 - __main__ - INFO - ============================================================
2026-02-13 14:36:05,536 - __main__ - INFO - INITIALIZING TRADING ENGINE
2026-02-13 14:36:05,536 - __main__ - INFO - Mode: PAPER
2026-02-13 14:36:05,536 - __main__ - INFO - Trading Enabled: True
2026-02-13 14:36:05,536 - __main__ - INFO - ============================================================
2026-02-13 14:36:05,537 - __main__ - INFO - Loaded 0 exits from today
2026-02-13 14:36:05,537 - automated_trading.alpaca_client - INFO - Connected to Alpaca paper trading API
2026-02-13 14:36:05,677 - automated_trading.alpaca_client - INFO - Account verified: $93,946.90 portfolio value
2026-02-13 14:36:05,677 - __main__ - INFO - Connected to Alpaca (paper mode)
2026-02-13 14:36:05,677 - __main__ - INFO - Account verified:
2026-02-13 14:36:05,677 - __main__ - INFO -   Portfolio Value: $93,946.90
2026-02-13 14:36:05,678 - __main__ - INFO -   Cash: $31,869.63
2026-02-13 14:36:05,678 - __main__ - INFO -   Buying Power: $125,816.53
2026-02-13 14:36:05,710 - automated_trading.utils - INFO - Trading calendar updated: 41 trading days cached
2026-02-13 14:36:05,711 - automated_trading.order_manager - INFO - Loaded 0 pending orders
2026-02-13 14:36:05,711 - automated_trading.signal_queue - INFO - Loaded 1 queued signals
2026-02-13 14:36:05,711 - automated_trading.position_monitor - INFO - New trading day - circuit breakers reset
2026-02-13 14:36:05,711 - automated_trading.position_monitor - INFO - Loaded 10 positions
2026-02-13 14:36:05,712 - automated_trading.position_monitor - INFO - Loaded signal history for 27 tickers
2026-02-13 14:36:05,753 - automated_trading.execution_metrics - INFO - Loaded 25 execution records
2026-02-13 14:36:05,753 - __main__ - INFO - All components initialized successfully
2026-02-13 14:36:05,753 - __main__ - INFO - 
============================================================
2026-02-13 14:36:05,753 - __main__ - INFO - MORNING TRADE EXECUTION
2026-02-13 14:36:05,753 - __main__ - INFO - Time: 2026-02-13 14:36:05.753805
2026-02-13 14:36:05,753 - __main__ - INFO - ============================================================
2026-02-13 14:36:05,821 - __main__ - INFO - Syncing with broker before trading...
2026-02-13 14:36:05,855 - automated_trading.reconciliation - INFO - Starting position reconciliation...
2026-02-13 14:36:05,886 - automated_trading.reconciliation - INFO - Reconciliation PASSED: 10 positions match
2026-02-13 14:36:05,887 - __main__ - INFO - Loaded 12 signals from /home/samie_mirghani/insider-cluster-watch/automated_trading/../data/approved_signals.json
2026-02-13 14:36:07,287 - __main__ - WARNING - TECX: Downtrend check failed (The truth value of a Series is ambiguous. Use a.empty, a.bool(), a.item(), a.any() or a.all().), allowing trade
2026-02-13 14:36:07,393 - __main__ - INFO - Skipping TECX: Max positions (10) reached
2026-02-13 14:36:07,395 - automated_trading.signal_queue - INFO - Signal queued: TECX (score: 10.28) - Max positions (10) reached
2026-02-13 14:36:07,395 - __main__ - INFO -   Queued TECX for intraday redeployment
2026-02-13 14:36:07,639 - __main__ - WARNING - MAT: Downtrend check failed (The truth value of a Series is ambiguous. Use a.empty, a.bool(), a.item(), a.any() or a.all().), allowing trade
2026-02-13 14:36:07,762 - __main__ - INFO - Skipping MAT: Max positions (10) reached
2026-02-13 14:36:07,764 - automated_trading.signal_queue - INFO - Signal queued: MAT (score: 7.48) - Max positions (10) reached
2026-02-13 14:36:07,764 - __main__ - INFO -   Queued MAT for intraday redeployment
2026-02-13 14:36:07,967 - __main__ - WARNING - IMDX: Downtrend check failed (The truth value of a Series is ambiguous. Use a.empty, a.bool(), a.item(), a.any() or a.all().), allowing trade
2026-02-13 14:36:08,063 - __main__ - INFO - Skipping IMDX: Max positions (10) reached
2026-02-13 14:36:08,065 - automated_trading.signal_queue - INFO - Signal queued: IMDX (score: 6.86) - Max positions (10) reached
2026-02-13 14:36:08,065 - __main__ - INFO -   Queued IMDX for intraday redeployment
2026-02-13 14:36:08,317 - __main__ - WARNING - FIEE: Downtrend check failed (The truth value of a Series is ambiguous. Use a.empty, a.bool(), a.item(), a.any() or a.all().), allowing trade
2026-02-13 14:36:08,415 - __main__ - INFO - Skipping FIEE: Max positions (10) reached
2026-02-13 14:36:08,417 - automated_trading.signal_queue - INFO - Signal queued: FIEE (score: 6.85) - Max positions (10) reached
2026-02-13 14:36:08,417 - __main__ - INFO -   Queued FIEE for intraday redeployment
2026-02-13 14:36:08,682 - __main__ - INFO - Skipping THS: Not tradeable: Asset is not tradeable
2026-02-13 14:36:08,900 - __main__ - WARNING - PRU: Downtrend check failed (The truth value of a Series is ambiguous. Use a.empty, a.bool(), a.item(), a.any() or a.all().), allowing trade
2026-02-13 14:36:08,995 - __main__ - INFO - Skipping PRU: Max positions (10) reached
2026-02-13 14:36:08,996 - automated_trading.signal_queue - INFO - Signal queued: PRU (score: 6.03) - Max positions (10) reached
2026-02-13 14:36:08,997 - __main__ - INFO -   Queued PRU for intraday redeployment
2026-02-13 14:36:08,997 - __main__ - INFO - Skipping NBHC: Score 4.627203913448031 below threshold 6.0
2026-02-13 14:36:08,997 - __main__ - INFO - Skipping RDDT: Score 4.278503675661202 below threshold 6.0
2026-02-13 14:36:08,997 - __main__ - INFO - Skipping AVTR: Score 4.019204527259426 below threshold 6.0
2026-02-13 14:36:08,997 - __main__ - INFO - Skipping AON: Score 3.7574988077221776 below threshold 6.0
2026-02-13 14:36:08,997 - __main__ - INFO - Skipping SPGI: Score 3.7266209158364365 below threshold 6.0
2026-02-13 14:36:08,998 - __main__ - INFO - Skipping TSI: Score 3.7135998912794363 below threshold 6.0
2026-02-13 14:36:08,998 - __main__ - INFO - 
============================================================
2026-02-13 14:36:08,998 - __main__ - INFO - MORNING EXECUTION COMPLETE
2026-02-13 14:36:08,998 - __main__ - INFO - Signals: 12 loaded, 0 validated
2026-02-13 14:36:08,998 - __main__ - INFO - Orders: 0 submitted, 0 failed
2026-02-13 14:36:08,998 - __main__ - INFO - Queued: 5
2026-02-13 14:36:08,998 - __main__ - INFO - ============================================================
{
  "timestamp": "2026-02-13T14:36:05.753894",
  "signals_loaded": 12,
  "signals_validated": 0,
  "orders_submitted": 0,
  "orders_failed": 0,
  "queued_for_later": 5,
  "errors": []
}
