2026-02-16 14:36:05,214 - __main__ - INFO - ============================================================
2026-02-16 14:36:05,214 - __main__ - INFO - INITIALIZING TRADING ENGINE
2026-02-16 14:36:05,214 - __main__ - INFO - Mode: PAPER
2026-02-16 14:36:05,214 - __main__ - INFO - Trading Enabled: True
2026-02-16 14:36:05,214 - __main__ - INFO - ============================================================
2026-02-16 14:36:05,215 - __main__ - INFO - Loaded 0 exits from today
2026-02-16 14:36:05,215 - automated_trading.alpaca_client - INFO - Connected to Alpaca paper trading API
2026-02-16 14:36:05,353 - automated_trading.alpaca_client - INFO - Account verified: $94,346.84 portfolio value
2026-02-16 14:36:05,353 - __main__ - INFO - Connected to Alpaca (paper mode)
2026-02-16 14:36:05,353 - __main__ - INFO - Account verified:
2026-02-16 14:36:05,353 - __main__ - INFO -   Portfolio Value: $94,346.84
2026-02-16 14:36:05,353 - __main__ - INFO -   Cash: $31,869.63
2026-02-16 14:36:05,353 - __main__ - INFO -   Buying Power: $126,216.47
2026-02-16 14:36:05,386 - automated_trading.utils - INFO - Trading calendar updated: 41 trading days cached
2026-02-16 14:36:05,386 - automated_trading.order_manager - INFO - Loaded 0 pending orders
2026-02-16 14:36:05,387 - automated_trading.signal_queue - INFO - Loaded 6 queued signals
2026-02-16 14:36:05,387 - automated_trading.position_monitor - INFO - New trading day - circuit breakers reset
2026-02-16 14:36:05,387 - automated_trading.position_monitor - INFO - Loaded 10 positions
2026-02-16 14:36:05,388 - automated_trading.position_monitor - INFO - Loaded signal history for 27 tickers
2026-02-16 14:36:05,424 - automated_trading.execution_metrics - INFO - Loaded 25 execution records
2026-02-16 14:36:05,424 - __main__ - INFO - All components initialized successfully
2026-02-16 14:36:05,424 - __main__ - INFO - 
============================================================
2026-02-16 14:36:05,424 - __main__ - INFO - MORNING TRADE EXECUTION
2026-02-16 14:36:05,424 - __main__ - INFO - Time: 2026-02-16 14:36:05.424739
2026-02-16 14:36:05,424 - __main__ - INFO - ============================================================
2026-02-16 14:36:05,424 - __main__ - WARNING - Market is closed - skipping execution
{
  "timestamp": "2026-02-16T14:36:05.424813",
  "signals_loaded": 0,
  "signals_validated": 0,
  "orders_submitted": 0,
  "orders_failed": 0,
  "queued_for_later": 0,
  "errors": [
    "Market is closed"
  ]
}
