2026-02-12 14:36:05,794 - __main__ - INFO - ============================================================
2026-02-12 14:36:05,795 - __main__ - INFO - INITIALIZING TRADING ENGINE
2026-02-12 14:36:05,795 - __main__ - INFO - Mode: PAPER
2026-02-12 14:36:05,795 - __main__ - INFO - Trading Enabled: True
2026-02-12 14:36:05,795 - __main__ - INFO - ============================================================
2026-02-12 14:36:05,795 - __main__ - INFO - Loaded 1 exits from today
2026-02-12 14:36:05,795 - automated_trading.alpaca_client - INFO - Connected to Alpaca paper trading API
2026-02-12 14:36:05,933 - automated_trading.alpaca_client - INFO - Account verified: $95,116.11 portfolio value
2026-02-12 14:36:05,933 - __main__ - INFO - Connected to Alpaca (paper mode)
2026-02-12 14:36:05,934 - __main__ - INFO - Account verified:
2026-02-12 14:36:05,934 - __main__ - INFO -   Portfolio Value: $95,116.11
2026-02-12 14:36:05,934 - __main__ - INFO -   Cash: $24,760.82
2026-02-12 14:36:05,934 - __main__ - INFO -   Buying Power: $119,876.93
2026-02-12 14:36:05,971 - automated_trading.utils - INFO - Trading calendar updated: 41 trading days cached
2026-02-12 14:36:05,972 - automated_trading.order_manager - INFO - Loaded 1 pending orders
2026-02-12 14:36:05,972 - automated_trading.signal_queue - INFO - Loaded 0 queued signals
2026-02-12 14:36:05,973 - automated_trading.position_monitor - INFO - Loaded 11 positions
2026-02-12 14:36:05,973 - automated_trading.position_monitor - INFO - Loaded signal history for 27 tickers
2026-02-12 14:36:06,025 - automated_trading.execution_metrics - INFO - Loaded 24 execution records
2026-02-12 14:36:06,025 - __main__ - INFO - All components initialized successfully
2026-02-12 14:36:06,025 - __main__ - INFO - 
============================================================
2026-02-12 14:36:06,025 - __main__ - INFO - MORNING TRADE EXECUTION
2026-02-12 14:36:06,025 - __main__ - INFO - Time: 2026-02-12 14:36:06.025788
2026-02-12 14:36:06,025 - __main__ - INFO - ============================================================
2026-02-12 14:36:06,090 - __main__ - INFO - Syncing with broker before trading...
2026-02-12 14:36:06,123 - automated_trading.reconciliation - INFO - Starting position reconciliation...
2026-02-12 14:36:06,154 - automated_trading.reconciliation - INFO - Reconciliation PASSED: 11 positions match
2026-02-12 14:36:06,155 - __main__ - INFO - Loaded 3 signals from /home/samie_mirghani/insider-cluster-watch/automated_trading/../data/approved_signals.json
2026-02-12 14:36:07,465 - __main__ - WARNING - MMS: Downtrend check failed (The truth value of a Series is ambiguous. Use a.empty, a.bool(), a.item(), a.any() or a.all().), allowing trade
2026-02-12 14:36:07,561 - __main__ - INFO - Skipping MMS: Max positions (10) reached
2026-02-12 14:36:07,562 - automated_trading.signal_queue - INFO - Signal queued: MMS (score: 9.59) - Max positions (10) reached
2026-02-12 14:36:07,563 - __main__ - INFO -   Queued MMS for intraday redeployment
2026-02-12 14:36:07,563 - __main__ - INFO - Skipping NFRX: Score 5.76476178761963 below threshold 6.0
2026-02-12 14:36:07,563 - __main__ - INFO - Skipping KKR: Score 3.9341339920229177 below threshold 6.0
2026-02-12 14:36:07,563 - __main__ - INFO - 
============================================================
2026-02-12 14:36:07,563 - __main__ - INFO - MORNING EXECUTION COMPLETE
2026-02-12 14:36:07,563 - __main__ - INFO - Signals: 3 loaded, 0 validated
2026-02-12 14:36:07,563 - __main__ - INFO - Orders: 0 submitted, 0 failed
2026-02-12 14:36:07,563 - __main__ - INFO - Queued: 1
2026-02-12 14:36:07,563 - __main__ - INFO - ============================================================
{
  "timestamp": "2026-02-12T14:36:06.025981",
  "signals_loaded": 3,
  "signals_validated": 0,
  "orders_submitted": 0,
  "orders_failed": 0,
  "queued_for_later": 1,
  "errors": []
}
