2026-01-30 23:01:03,638 - __main__ - INFO - ============================================================
2026-01-30 23:01:03,639 - __main__ - INFO - INITIALIZING TRADING ENGINE
2026-01-30 23:01:03,639 - __main__ - INFO - Mode: PAPER
2026-01-30 23:01:03,639 - __main__ - INFO - Trading Enabled: True
2026-01-30 23:01:03,639 - __main__ - INFO - ============================================================
2026-01-30 23:01:03,639 - __main__ - INFO - Loaded 0 exits from today
2026-01-30 23:01:03,639 - automated_trading.alpaca_client - INFO - Connected to Alpaca paper trading API
2026-01-30 23:01:03,779 - automated_trading.alpaca_client - INFO - Account verified: $94,683.22 portfolio value
2026-01-30 23:01:03,779 - __main__ - INFO - Connected to Alpaca (paper mode)
2026-01-30 23:01:03,779 - __main__ - INFO - Account verified:
2026-01-30 23:01:03,779 - __main__ - INFO -   Portfolio Value: $94,683.22
2026-01-30 23:01:03,780 - __main__ - INFO -   Cash: $49,631.46
2026-01-30 23:01:03,780 - __main__ - INFO -   Buying Power: $144,314.68
2026-01-30 23:01:03,815 - automated_trading.utils - INFO - Trading calendar updated: 39 trading days cached
2026-01-30 23:01:03,815 - automated_trading.order_manager - INFO - Loaded 0 pending orders
2026-01-30 23:01:03,816 - automated_trading.signal_queue - INFO - Loaded 0 queued signals
2026-01-30 23:01:03,816 - automated_trading.position_monitor - INFO - New trading day - circuit breakers reset
2026-01-30 23:01:03,816 - automated_trading.position_monitor - INFO - Loaded 6 positions
2026-01-30 23:01:03,817 - automated_trading.position_monitor - INFO - Loaded signal history for 7 tickers
2026-01-30 23:01:03,851 - automated_trading.execution_metrics - INFO - Loaded 0 execution records
2026-01-30 23:01:03,851 - __main__ - INFO - All components initialized successfully
2026-01-30 23:01:03,851 - __main__ - INFO - 
============================================================
2026-01-30 23:01:03,851 - __main__ - INFO - MORNING TRADE EXECUTION
2026-01-30 23:01:03,851 - __main__ - INFO - Time: 2026-01-30 23:01:03.851749
2026-01-30 23:01:03,851 - __main__ - INFO - ============================================================
2026-01-30 23:01:03,853 - __main__ - WARNING - Market is closed - skipping execution
{
  "timestamp": "2026-01-30T23:01:03.853185",
  "signals_loaded": 0,
  "signals_validated": 0,
  "orders_submitted": 0,
  "orders_failed": 0,
  "queued_for_later": 0,
  "errors": [
    "Market is closed"
  ]
}
