2026-02-27 14:36:06,373 - __main__ - INFO - ============================================================
2026-02-27 14:36:06,373 - __main__ - INFO - INITIALIZING TRADING ENGINE
2026-02-27 14:36:06,373 - __main__ - INFO - Mode: PAPER
2026-02-27 14:36:06,373 - __main__ - INFO - Trading Enabled: True
2026-02-27 14:36:06,373 - __main__ - INFO - ============================================================
2026-02-27 14:36:06,373 - __main__ - INFO - Loaded 0 exits from today
2026-02-27 14:36:06,374 - automated_trading.alpaca_client - INFO - Connected to Alpaca paper trading API
2026-02-27 14:36:06,546 - automated_trading.alpaca_client - INFO - Account verified: $9,969.50 portfolio value
2026-02-27 14:36:06,546 - __main__ - INFO - Connected to Alpaca (paper mode)
2026-02-27 14:36:06,546 - __main__ - INFO - Account verified:
2026-02-27 14:36:06,546 - __main__ - INFO -   Portfolio Value: $9,969.50
2026-02-27 14:36:06,547 - __main__ - INFO -   Cash: $5,147.66
2026-02-27 14:36:06,547 - __main__ - INFO -   Buying Power: $15,117.16
2026-02-27 14:36:06,580 - automated_trading.utils - INFO - Trading calendar updated: 41 trading days cached
2026-02-27 14:36:06,580 - automated_trading.order_manager - INFO - Loaded 1 pending orders
2026-02-27 14:36:06,581 - automated_trading.signal_queue - INFO - Loaded 3 queued signals
2026-02-27 14:36:06,581 - automated_trading.position_monitor - INFO - New trading day - circuit breakers reset
2026-02-27 14:36:06,581 - automated_trading.position_monitor - INFO - Loaded 9 positions
2026-02-27 14:36:06,582 - automated_trading.position_monitor - INFO - Loaded signal history for 0 tickers
2026-02-27 14:36:06,629 - automated_trading.execution_metrics - INFO - Loaded 21 execution records
2026-02-27 14:36:06,630 - __main__ - INFO - All components initialized successfully
2026-02-27 14:36:06,630 - __main__ - INFO - 
============================================================
2026-02-27 14:36:06,630 - __main__ - INFO - MORNING TRADE EXECUTION
2026-02-27 14:36:06,630 - __main__ - INFO - Time: 2026-02-27 14:36:06.630512
2026-02-27 14:36:06,630 - __main__ - INFO - ============================================================
2026-02-27 14:36:06,744 - __main__ - INFO - Syncing with broker before trading...
2026-02-27 14:36:06,778 - automated_trading.reconciliation - INFO - Starting position reconciliation...
2026-02-27 14:36:06,811 - automated_trading.reconciliation - INFO - Reconciliation PASSED: 9 positions match
2026-02-27 14:36:06,812 - __main__ - INFO - Loaded 9 signals from /home/samie_mirghani/insider-cluster-watch/automated_trading/../data/approved_signals.json
2026-02-27 14:36:06,884 - __main__ - INFO - Cooldown cache built: 4 tickers in cooldown window
2026-02-27 14:36:07,901 - __main__ - WARNING - LOGC: Downtrend check failed (The truth value of a Series is ambiguous. Use a.empty, a.bool(), a.item(), a.any() or a.all().), allowing trade
2026-02-27 14:36:07,931 - __main__ - INFO - Skipping LOGC: Not tradeable: Asset is not tradeable
2026-02-27 14:36:08,063 - __main__ - WARNING - PODD: Downtrend check failed (The truth value of a Series is ambiguous. Use a.empty, a.bool(), a.item(), a.any() or a.all().), allowing trade
2026-02-27 14:36:08,064 - __main__ - INFO - Skipping PODD: Already have position
2026-02-27 14:36:08,321 - __main__ - WARNING - SXC: Downtrend check failed (The truth value of a Series is ambiguous. Use a.empty, a.bool(), a.item(), a.any() or a.all().), allowing trade
2026-02-27 14:36:08,549 - __main__ - INFO - Position sizing: score=7.2 → 5.6% of portfolio = $559.04
2026-02-27 14:36:08,552 - __main__ - INFO - 
==================================================
2026-02-27 14:36:08,552 - __main__ - INFO - EXECUTING BUY: SXC
2026-02-27 14:36:08,552 - __main__ - INFO - ==================================================
2026-02-27 14:36:08,758 - __main__ - WARNING - SXC: Downtrend check failed (The truth value of a Series is ambiguous. Use a.empty, a.bool(), a.item(), a.any() or a.all().), allowing trade
2026-02-27 14:36:08,860 - __main__ - INFO - Position sizing: score=7.2 → 5.6% of portfolio = $559.04
2026-02-27 14:36:08,893 - __main__ - INFO - Position sizing: score=7.2 → 5.6% of portfolio = $559.04
2026-02-27 14:36:08,939 - automated_trading.order_manager - INFO - ✅ Created LIMIT BUY order: SXC x98 @ $5.74
2026-02-27 14:36:08,939 - __main__ - INFO - Submitting LIMIT order: SXC x98 @ $5.74 (signal: $5.67, cushion: 1.25% [default])
2026-02-27 14:36:08,939 - automated_trading.alpaca_client - INFO - Submitting LIMIT BUY: SXC x98 @ $5.74
2026-02-27 14:36:08,976 - automated_trading.position_monitor - INFO - Order executed: BUY SXC | Total trades today: 1/15
2026-02-27 14:36:08,976 - __main__ - INFO - Order submitted: 82747589-8381-4e17-bfb9-3038ca926f50
2026-02-27 14:36:08,977 - __main__ - INFO - Status: OrderStatus.PENDING_NEW
2026-02-27 14:36:09,010 - __main__ - INFO - Position sizing: score=7.2 → 5.6% of portfolio = $559.04
2026-02-27 14:36:09,142 - __main__ - WARNING - LEE: Downtrend check failed (The truth value of a Series is ambiguous. Use a.empty, a.bool(), a.item(), a.any() or a.all().), allowing trade
2026-02-27 14:36:10,091 - __main__ - INFO - Position sizing: score=7.1 → 5.5% of portfolio = $553.17
2026-02-27 14:36:10,091 - __main__ - INFO - 
==================================================
2026-02-27 14:36:10,091 - __main__ - INFO - EXECUTING BUY: LEE
2026-02-27 14:36:10,091 - __main__ - INFO - ==================================================
2026-02-27 14:36:10,235 - __main__ - WARNING - LEE: Downtrend check failed (The truth value of a Series is ambiguous. Use a.empty, a.bool(), a.item(), a.any() or a.all().), allowing trade
2026-02-27 14:36:10,336 - __main__ - INFO - Position sizing: score=7.1 → 5.5% of portfolio = $553.11
2026-02-27 14:36:10,369 - __main__ - INFO - Position sizing: score=7.1 → 5.5% of portfolio = $553.10
2026-02-27 14:36:10,407 - automated_trading.order_manager - INFO - ✅ Created LIMIT BUY order: LEE x98 @ $5.66
2026-02-27 14:36:10,408 - __main__ - INFO - Submitting LIMIT order: LEE x98 @ $5.66 (signal: $5.59, cushion: 1.25% [default])
2026-02-27 14:36:10,408 - automated_trading.alpaca_client - INFO - Submitting LIMIT BUY: LEE x98 @ $5.66
2026-02-27 14:36:10,449 - automated_trading.position_monitor - INFO - Order executed: BUY LEE | Total trades today: 2/15
2026-02-27 14:36:10,449 - __main__ - INFO - Order submitted: 34960c75-a81a-4ced-afaf-9f8b89a89aaa
2026-02-27 14:36:10,449 - __main__ - INFO - Status: OrderStatus.PENDING_NEW
2026-02-27 14:36:10,482 - __main__ - INFO - Position sizing: score=7.1 → 5.5% of portfolio = $553.10
2026-02-27 14:36:10,741 - __main__ - WARNING - CADL: Downtrend check failed (The truth value of a Series is ambiguous. Use a.empty, a.bool(), a.item(), a.any() or a.all().), allowing trade
2026-02-27 14:36:10,946 - __main__ - INFO - Position sizing: score=6.9 → 5.4% of portfolio = $541.56
2026-02-27 14:36:10,947 - __main__ - INFO - 
==================================================
2026-02-27 14:36:10,947 - __main__ - INFO - EXECUTING BUY: CADL
2026-02-27 14:36:10,947 - __main__ - INFO - ==================================================
2026-02-27 14:36:11,049 - __main__ - WARNING - CADL: Downtrend check failed (The truth value of a Series is ambiguous. Use a.empty, a.bool(), a.item(), a.any() or a.all().), allowing trade
2026-02-27 14:36:11,152 - __main__ - INFO - Position sizing: score=6.9 → 5.4% of portfolio = $541.57
2026-02-27 14:36:11,185 - __main__ - INFO - Position sizing: score=6.9 → 5.4% of portfolio = $541.57
2026-02-27 14:36:11,221 - automated_trading.order_manager - INFO - ✅ Created LIMIT BUY order: CADL x105 @ $5.21
2026-02-27 14:36:11,221 - __main__ - INFO - Submitting LIMIT order: CADL x105 @ $5.21 (signal: $5.15, cushion: 1.25% [default])
2026-02-27 14:36:11,221 - automated_trading.alpaca_client - INFO - Submitting LIMIT BUY: CADL x105 @ $5.21
2026-02-27 14:36:11,259 - automated_trading.position_monitor - INFO - Order executed: BUY CADL | Total trades today: 3/15
2026-02-27 14:36:11,259 - __main__ - INFO - Order submitted: 30d893b1-039b-43f4-94a4-195328ab20d1
2026-02-27 14:36:11,259 - __main__ - INFO - Status: OrderStatus.PENDING_NEW
2026-02-27 14:36:11,292 - __main__ - INFO - Position sizing: score=6.9 → 5.4% of portfolio = $541.57
2026-02-27 14:36:11,561 - __main__ - WARNING - AAT: Downtrend check failed (The truth value of a Series is ambiguous. Use a.empty, a.bool(), a.item(), a.any() or a.all().), allowing trade
2026-02-27 14:36:11,774 - __main__ - INFO - Position sizing: score=6.5 → 5.2% of portfolio = $520.92
2026-02-27 14:36:11,774 - __main__ - INFO - 
==================================================
2026-02-27 14:36:11,774 - __main__ - INFO - EXECUTING BUY: AAT
2026-02-27 14:36:11,774 - __main__ - INFO - ==================================================
2026-02-27 14:36:11,888 - __main__ - WARNING - AAT: Downtrend check failed (The truth value of a Series is ambiguous. Use a.empty, a.bool(), a.item(), a.any() or a.all().), allowing trade
2026-02-27 14:36:11,983 - __main__ - INFO - Position sizing: score=6.5 → 5.2% of portfolio = $520.92
2026-02-27 14:36:12,017 - __main__ - INFO - Position sizing: score=6.5 → 5.2% of portfolio = $520.92
2026-02-27 14:36:12,052 - automated_trading.order_manager - INFO - ✅ Created LIMIT BUY order: AAT x27 @ $19.11
2026-02-27 14:36:12,053 - __main__ - INFO - Submitting LIMIT order: AAT x27 @ $19.11 (signal: $18.87, cushion: 1.25% [default])
2026-02-27 14:36:12,053 - automated_trading.alpaca_client - INFO - Submitting LIMIT BUY: AAT x27 @ $19.11
2026-02-27 14:36:12,091 - automated_trading.position_monitor - INFO - Order executed: BUY AAT | Total trades today: 4/15
2026-02-27 14:36:12,092 - __main__ - INFO - Order submitted: f83144a5-e1cb-44c8-8135-5ace0af18de9
2026-02-27 14:36:12,092 - __main__ - INFO - Status: OrderStatus.PENDING_NEW
2026-02-27 14:36:12,126 - __main__ - INFO - Position sizing: score=6.5 → 5.2% of portfolio = $520.92
2026-02-27 14:36:12,126 - __main__ - INFO - Skipping OFIX: Score 5.295811648399288 below threshold 6.0
2026-02-27 14:36:12,126 - __main__ - INFO - Skipping MWA: Score 3.9892019955521794 below threshold 6.0
2026-02-27 14:36:12,127 - __main__ - INFO - Skipping VNO: Score 3.981683188311038 below threshold 6.0
2026-02-27 14:36:12,127 - __main__ - INFO - Sending batch email for 4 morning trades
2026-02-27 14:36:13,234 - automated_trading.alerts - INFO - ✅ Alert sent successfully: 🧪 Morning Trades: 4 positions opened ($2,180)
2026-02-27 14:36:13,234 - __main__ - INFO - 
============================================================
2026-02-27 14:36:13,234 - __main__ - INFO - MORNING EXECUTION COMPLETE
2026-02-27 14:36:13,234 - __main__ - INFO - Signals: 9 loaded, 4 validated
2026-02-27 14:36:13,235 - __main__ - INFO - Orders: 4 submitted, 0 failed
2026-02-27 14:36:13,235 - __main__ - INFO - Queued: 0
2026-02-27 14:36:13,235 - __main__ - INFO - ============================================================
{
  "timestamp": "2026-02-27T14:36:06.630603",
  "signals_loaded": 9,
  "signals_validated": 4,
  "orders_submitted": 4,
  "orders_failed": 0,
  "queued_for_later": 0,
  "errors": []
}
