2026-02-03 14:36:04,992 - __main__ - INFO - ============================================================
2026-02-03 14:36:04,992 - __main__ - INFO - INITIALIZING TRADING ENGINE
2026-02-03 14:36:04,992 - __main__ - INFO - Mode: PAPER
2026-02-03 14:36:04,992 - __main__ - INFO - Trading Enabled: True
2026-02-03 14:36:04,993 - __main__ - INFO - ============================================================
2026-02-03 14:36:04,993 - __main__ - INFO - New trading day - starting with fresh exits list
2026-02-03 14:36:04,993 - automated_trading.alpaca_client - INFO - Connected to Alpaca paper trading API
2026-02-03 14:36:05,139 - automated_trading.alpaca_client - INFO - Account verified: $94,568.16 portfolio value
2026-02-03 14:36:05,139 - __main__ - INFO - Connected to Alpaca (paper mode)
2026-02-03 14:36:05,139 - __main__ - INFO - Account verified:
2026-02-03 14:36:05,139 - __main__ - INFO -   Portfolio Value: $94,568.16
2026-02-03 14:36:05,139 - __main__ - INFO -   Cash: $28,128.08
2026-02-03 14:36:05,140 - __main__ - INFO -   Buying Power: $122,696.24
2026-02-03 14:36:05,178 - automated_trading.utils - INFO - Trading calendar updated: 41 trading days cached
2026-02-03 14:36:05,179 - automated_trading.order_manager - INFO - Loaded 0 pending orders
2026-02-03 14:36:05,179 - automated_trading.signal_queue - INFO - Loaded 0 queued signals
2026-02-03 14:36:05,180 - automated_trading.position_monitor - INFO - New trading day - circuit breakers reset
2026-02-03 14:36:05,181 - automated_trading.position_monitor - INFO - Loaded 10 positions
2026-02-03 14:36:05,181 - automated_trading.position_monitor - INFO - Loaded signal history for 11 tickers
2026-02-03 14:36:05,216 - automated_trading.execution_metrics - INFO - Loaded 4 execution records
2026-02-03 14:36:05,216 - __main__ - INFO - All components initialized successfully
2026-02-03 14:36:05,216 - __main__ - INFO - 
============================================================
2026-02-03 14:36:05,216 - __main__ - INFO - MORNING TRADE EXECUTION
2026-02-03 14:36:05,216 - __main__ - INFO - Time: 2026-02-03 14:36:05.216540
2026-02-03 14:36:05,217 - __main__ - INFO - ============================================================
2026-02-03 14:36:05,291 - __main__ - INFO - Syncing with broker before trading...
2026-02-03 14:36:05,352 - automated_trading.reconciliation - INFO - Starting position reconciliation...
2026-02-03 14:36:05,384 - automated_trading.reconciliation - INFO - Reconciliation PASSED: 10 positions match
2026-02-03 14:36:05,384 - __main__ - INFO - Loaded 3 signals from /home/samie_mirghani/insider-cluster-watch/automated_trading/../data/approved_signals.json
2026-02-03 14:36:05,484 - __main__ - INFO - Skipping CR: Max positions (10) reached
2026-02-03 14:36:05,484 - __main__ - INFO - Skipping TCBI: Already have position
2026-02-03 14:36:05,514 - __main__ - INFO - Skipping SHCO: Not tradeable: Asset is not tradeable
2026-02-03 14:36:05,514 - __main__ - INFO - 
============================================================
2026-02-03 14:36:05,514 - __main__ - INFO - MORNING EXECUTION COMPLETE
2026-02-03 14:36:05,514 - __main__ - INFO - Signals: 3 loaded, 0 validated
2026-02-03 14:36:05,514 - __main__ - INFO - Orders: 0 submitted, 0 failed
2026-02-03 14:36:05,514 - __main__ - INFO - Queued: 0
2026-02-03 14:36:05,514 - __main__ - INFO - ============================================================
{
  "timestamp": "2026-02-03T14:36:05.217336",
  "signals_loaded": 3,
  "signals_validated": 0,
  "orders_submitted": 0,
  "orders_failed": 0,
  "queued_for_later": 0,
  "errors": []
}
