2025-10-20 11:41:50,530 - INFO - 📊 Paper Trading Portfolio Initialized
2025-10-20 11:41:50,530 - INFO -    Starting Capital: $10,000.00
2025-10-20 11:41:50,530 - INFO -    Max Position Size: 5.0%
2025-10-20 11:41:50,530 - INFO -    Scaling Enabled: True
2025-10-20 11:41:50,530 - INFO - 📂 Portfolio loaded from disk
2025-10-20 11:41:50,530 - INFO -    Positions: 0
2025-10-20 11:41:50,530 - INFO -    Pending Entries: 0
2025-10-20 11:41:50,530 - INFO -    Total Trades: 0
2025-10-20 11:41:50,532 - INFO - 
============================================================
2025-10-20 11:41:50,532 - INFO - 📊 SIGNAL EVALUATION: TEST
2025-10-20 11:41:50,532 - INFO -    Entry Price: $10.50
2025-10-20 11:41:50,532 - INFO -    Signal Score: 8.50
2025-10-20 11:41:50,532 - INFO -    ✅ VALIDATION PASSED
2025-10-20 11:41:50,532 - INFO -    📈 EXECUTING BUY ORDER
2025-10-20 11:41:50,532 - INFO -    Shares: 28 @ $10.50
2025-10-20 11:41:50,532 - INFO -    Cost: $294.00
2025-10-20 11:41:50,532 - INFO -    Position Size: 2.94%
2025-10-20 11:41:51,265 - INFO -    💰 Cash Remaining: $9,706.00
2025-10-20 11:41:51,265 - INFO -    🎯 Stop Loss: $9.97 (-5.0%)
2025-10-20 11:41:51,265 - INFO -    🎯 Take Profit: $11.34 (+8.0%)
2025-10-20 11:41:51,266 - INFO -    📊 Scaling Enabled: 19 shares pending
2025-10-20 11:41:51,266 - INFO -    📍 Trigger Price: $10.29 (-2.0%)
2025-10-20 11:41:51,266 - INFO -    ⏰ Expires: 2025-10-25
2025-10-20 11:41:51,266 - INFO - ============================================================

2025-10-20 11:49:19,565 - INFO - 📊 Paper Trading Portfolio Initialized
2025-10-20 11:49:19,565 - INFO -    Starting Capital: $10,000.00
2025-10-20 11:49:19,565 - INFO -    Max Position Size: 5.0%
2025-10-20 11:49:19,565 - INFO -    Scaling Enabled: True
2025-10-20 11:49:19,565 - INFO - 📂 Portfolio loaded from disk
2025-10-20 11:49:19,565 - INFO -    Positions: 0
2025-10-20 11:49:19,565 - INFO -    Pending Entries: 0
2025-10-20 11:49:19,565 - INFO -    Total Trades: 0
2025-10-20 11:49:19,565 - INFO - 💾 Portfolio saved to disk
2025-10-20 11:57:03,782 - INFO - 📊 Paper Trading Portfolio Initialized
2025-10-20 11:57:03,783 - INFO -    Starting Capital: $10,000.00
2025-10-20 11:57:03,783 - INFO -    Max Position Size: 5.0%
2025-10-20 11:57:03,783 - INFO -    Scaling Enabled: True
2025-10-20 11:57:03,783 - INFO - 📂 Portfolio loaded from disk
2025-10-20 11:57:03,783 - INFO -    Positions: 0
2025-10-20 11:57:03,783 - INFO -    Pending Entries: 0
2025-10-20 11:57:03,783 - INFO -    Total Trades: 0
